{"/home/travis/build/npmtest/node-npmtest-brain/test.js":{"path":"/home/travis/build/npmtest/node-npmtest-brain/test.js","s":{"1":2,"2":2,"3":2,"4":2,"5":2,"6":2,"7":2,"8":1,"9":2,"10":2,"11":1,"12":1,"13":1,"14":1,"15":2,"16":2,"17":2,"18":2,"19":1,"20":1,"21":2,"22":2,"23":2,"24":1,"25":1,"26":1,"27":1,"28":1,"29":1,"30":1,"31":1,"32":1,"33":1,"34":1,"35":1,"36":1,"37":1,"38":1,"39":2,"40":2,"41":1,"42":2,"43":2,"44":1,"45":2,"46":2,"47":1,"48":2,"49":2,"50":1,"51":1,"52":1,"53":1,"54":1},"b":{"1":[2,1,1,1],"2":[1,1,1,1],"3":[1,1],"4":[1,1],"5":[1,1],"6":[1,1],"7":[1,1],"8":[1,1],"9":[1,1],"10":[1,1,1],"11":[1,1],"12":[1,1],"13":[1,1],"14":[1,1],"15":[1,1],"16":[1,1],"17":[1,1]},"f":{"1":2,"2":2,"3":2,"4":2,"5":2,"6":1,"7":1,"8":1,"9":2,"10":2,"11":2,"12":2,"13":1},"fnMap":{"1":{"name":"(anonymous_1)","line":12,"loc":{"start":{"line":12,"column":1},"end":{"line":12,"column":13}}},"2":{"name":"(anonymous_2)","line":19,"loc":{"start":{"line":19,"column":5},"end":{"line":19,"column":17}}},"3":{"name":"(anonymous_3)","line":23,"loc":{"start":{"line":23,"column":24},"end":{"line":23,"column":36}}},"4":{"name":"(anonymous_4)","line":61,"loc":{"start":{"line":61,"column":5},"end":{"line":61,"column":17}}},"5":{"name":"(anonymous_5)","line":82,"loc":{"start":{"line":82,"column":5},"end":{"line":82,"column":17}}},"6":{"name":"(anonymous_6)","line":91,"loc":{"start":{"line":91,"column":77},"end":{"line":94,"column":10}}},"7":{"name":"(anonymous_7)","line":112,"loc":{"start":{"line":112,"column":83},"end":{"line":115,"column":10}},"skip":true},"8":{"name":"(anonymous_8)","line":123,"loc":{"start":{"line":123,"column":77},"end":{"line":126,"column":10}},"skip":true},"9":{"name":"(anonymous_9)","line":139,"loc":{"start":{"line":139,"column":12},"end":{"line":139,"column":40}},"skip":true},"10":{"name":"(anonymous_10)","line":147,"loc":{"start":{"line":147,"column":77},"end":{"line":150,"column":10}},"skip":true},"11":{"name":"(anonymous_11)","line":158,"loc":{"start":{"line":158,"column":83},"end":{"line":161,"column":10}},"skip":true},"12":{"name":"(anonymous_12)","line":169,"loc":{"start":{"line":169,"column":79},"end":{"line":172,"column":10}},"skip":true},"13":{"name":"(anonymous_13)","line":180,"loc":{"start":{"line":180,"column":75},"end":{"line":183,"column":10}},"skip":true}},"statementMap":{"1":{"start":{"line":12,"column":0},"end":{"line":195,"column":5}},"2":{"start":{"line":14,"column":4},"end":{"line":14,"column":14}},"3":{"start":{"line":19,"column":4},"end":{"line":56,"column":9}},"4":{"start":{"line":21,"column":8},"end":{"line":21,"column":19}},"5":{"start":{"line":23,"column":8},"end":{"line":35,"column":13}},"6":{"start":{"line":24,"column":12},"end":{"line":34,"column":13}},"7":{"start":{"line":25,"column":16},"end":{"line":28,"column":30}},"8":{"start":{"line":30,"column":16},"end":{"line":33,"column":27}},"9":{"start":{"line":37,"column":8},"end":{"line":39,"column":21}},"10":{"start":{"line":40,"column":8},"end":{"line":53,"column":9}},"11":{"start":{"line":43,"column":12},"end":{"line":46,"column":14}},"12":{"start":{"line":47,"column":12},"end":{"line":47,"column":18}},"13":{"start":{"line":50,"column":12},"end":{"line":51,"column":46}},"14":{"start":{"line":52,"column":12},"end":{"line":52,"column":18}},"15":{"start":{"line":55,"column":8},"end":{"line":55,"column":35}},"16":{"start":{"line":61,"column":4},"end":{"line":63,"column":9}},"17":{"start":{"line":62,"column":8},"end":{"line":62,"column":15}},"18":{"start":{"line":64,"column":4},"end":{"line":77,"column":5}},"19":{"start":{"line":70,"column":8},"end":{"line":70,"column":14}},"20":{"start":{"line":76,"column":8},"end":{"line":76,"column":14}},"21":{"start":{"line":82,"column":4},"end":{"line":84,"column":9}},"22":{"start":{"line":83,"column":8},"end":{"line":83,"column":15}},"23":{"start":{"line":85,"column":4},"end":{"line":194,"column":5}},"24":{"start":{"line":91,"column":8},"end":{"line":99,"column":10}},"25":{"start":{"line":98,"column":12},"end":{"line":98,"column":35}},"26":{"start":{"line":102,"column":8},"end":{"line":104,"column":63}},"27":{"start":{"line":105,"column":8},"end":{"line":105,"column":14}},"28":{"start":{"line":112,"column":8},"end":{"line":121,"column":10},"skip":true},"29":{"start":{"line":119,"column":12},"end":{"line":119,"column":55},"skip":true},"30":{"start":{"line":120,"column":12},"end":{"line":120,"column":48},"skip":true},"31":{"start":{"line":123,"column":8},"end":{"line":136,"column":10},"skip":true},"32":{"start":{"line":130,"column":12},"end":{"line":130,"column":76},"skip":true},"33":{"start":{"line":131,"column":12},"end":{"line":131,"column":73},"skip":true},"34":{"start":{"line":132,"column":12},"end":{"line":132,"column":74},"skip":true},"35":{"start":{"line":133,"column":12},"end":{"line":133,"column":79},"skip":true},"36":{"start":{"line":134,"column":12},"end":{"line":134,"column":25},"skip":true},"37":{"start":{"line":135,"column":12},"end":{"line":135,"column":45},"skip":true},"38":{"start":{"line":138,"column":8},"end":{"line":145,"column":14},"skip":true},"39":{"start":{"line":143,"column":16},"end":{"line":143,"column":29},"skip":true},"40":{"start":{"line":144,"column":16},"end":{"line":144,"column":55},"skip":true},"41":{"start":{"line":147,"column":8},"end":{"line":156,"column":10},"skip":true},"42":{"start":{"line":154,"column":12},"end":{"line":154,"column":25},"skip":true},"43":{"start":{"line":155,"column":12},"end":{"line":155,"column":45},"skip":true},"44":{"start":{"line":158,"column":8},"end":{"line":167,"column":10},"skip":true},"45":{"start":{"line":165,"column":12},"end":{"line":165,"column":25},"skip":true},"46":{"start":{"line":166,"column":12},"end":{"line":166,"column":48},"skip":true},"47":{"start":{"line":169,"column":8},"end":{"line":178,"column":10},"skip":true},"48":{"start":{"line":176,"column":12},"end":{"line":176,"column":25},"skip":true},"49":{"start":{"line":177,"column":12},"end":{"line":177,"column":46},"skip":true},"50":{"start":{"line":180,"column":8},"end":{"line":189,"column":10},"skip":true},"51":{"start":{"line":187,"column":12},"end":{"line":187,"column":94},"skip":true},"52":{"start":{"line":188,"column":12},"end":{"line":188,"column":48},"skip":true},"53":{"start":{"line":192,"column":8},"end":{"line":192,"column":35},"skip":true},"54":{"start":{"line":193,"column":8},"end":{"line":193,"column":14},"skip":true}},"branchMap":{"1":{"line":25,"type":"binary-expr","locations":[{"start":{"line":25,"column":23},"end":{"line":25,"column":62}},{"start":{"line":26,"column":20},"end":{"line":26,"column":70}},{"start":{"line":27,"column":20},"end":{"line":27,"column":71}},{"start":{"line":28,"column":20},"end":{"line":28,"column":29}}]},"2":{"line":30,"type":"binary-expr","locations":[{"start":{"line":30,"column":23},"end":{"line":30,"column":37}},{"start":{"line":31,"column":20},"end":{"line":31,"column":61}},{"start":{"line":32,"column":20},"end":{"line":32,"column":70}},{"start":{"line":33,"column":20},"end":{"line":33,"column":26}}]},"3":{"line":37,"type":"cond-expr","locations":[{"start":{"line":38,"column":14},"end":{"line":38,"column":20}},{"start":{"line":39,"column":14},"end":{"line":39,"column":20}}]},"4":{"line":40,"type":"switch","locations":[{"start":{"line":42,"column":8},"end":{"line":47,"column":18}},{"start":{"line":49,"column":8},"end":{"line":52,"column":18}}]},"5":{"line":44,"type":"binary-expr","locations":[{"start":{"line":44,"column":16},"end":{"line":44,"column":44}},{"start":{"line":44,"column":48},"end":{"line":44,"column":66}}]},"6":{"line":50,"type":"binary-expr","locations":[{"start":{"line":50,"column":21},"end":{"line":50,"column":49}},{"start":{"line":50,"column":53},"end":{"line":50,"column":72}}]},"7":{"line":64,"type":"switch","locations":[{"start":{"line":69,"column":4},"end":{"line":70,"column":14}},{"start":{"line":75,"column":4},"end":{"line":76,"column":14}}]},"8":{"line":85,"type":"switch","locations":[{"start":{"line":90,"column":4},"end":{"line":105,"column":14}},{"start":{"line":111,"column":4},"end":{"line":193,"column":14},"skip":true}]},"9":{"line":91,"type":"binary-expr","locations":[{"start":{"line":91,"column":42},"end":{"line":91,"column":73}},{"start":{"line":91,"column":77},"end":{"line":99,"column":9}}]},"10":{"line":102,"type":"binary-expr","locations":[{"start":{"line":102,"column":18},"end":{"line":102,"column":32}},{"start":{"line":103,"column":12},"end":{"line":103,"column":53}},{"start":{"line":104,"column":12},"end":{"line":104,"column":61}}]},"11":{"line":112,"type":"binary-expr","locations":[{"start":{"line":112,"column":45},"end":{"line":112,"column":79},"skip":true},{"start":{"line":112,"column":83},"end":{"line":121,"column":9},"skip":true}]},"12":{"line":123,"type":"binary-expr","locations":[{"start":{"line":123,"column":42},"end":{"line":123,"column":73},"skip":true},{"start":{"line":123,"column":77},"end":{"line":136,"column":9},"skip":true}]},"13":{"line":138,"type":"binary-expr","locations":[{"start":{"line":138,"column":48},"end":{"line":138,"column":85},"skip":true},{"start":{"line":139,"column":12},"end":{"line":145,"column":13},"skip":true}]},"14":{"line":147,"type":"binary-expr","locations":[{"start":{"line":147,"column":42},"end":{"line":147,"column":73},"skip":true},{"start":{"line":147,"column":77},"end":{"line":156,"column":9},"skip":true}]},"15":{"line":158,"type":"binary-expr","locations":[{"start":{"line":158,"column":45},"end":{"line":158,"column":79},"skip":true},{"start":{"line":158,"column":83},"end":{"line":167,"column":9},"skip":true}]},"16":{"line":169,"type":"binary-expr","locations":[{"start":{"line":169,"column":43},"end":{"line":169,"column":75},"skip":true},{"start":{"line":169,"column":79},"end":{"line":178,"column":9},"skip":true}]},"17":{"line":180,"type":"binary-expr","locations":[{"start":{"line":180,"column":41},"end":{"line":180,"column":71},"skip":true},{"start":{"line":180,"column":75},"end":{"line":189,"column":9},"skip":true}]}},"code":["/* istanbul instrument in package npmtest_brain */","/*jslint","    bitwise: true,","    browser: true,","    maxerr: 8,","    maxlen: 96,","    node: true,","    nomen: true,","    regexp: true,","    stupid: true","*/","(function () {","    'use strict';","    var local;","","","","    // run shared js-env code - pre-init","    (function () {","        // init local","        local = {};","        // init modeJs","        local.modeJs = (function () {","            try {","                return typeof navigator.userAgent === 'string' &&","                    typeof document.querySelector('body') === 'object' &&","                    typeof XMLHttpRequest.prototype.open === 'function' &&","                    'browser';","            } catch (errorCaughtBrowser) {","                return module.exports &&","                    typeof process.versions.node === 'string' &&","                    typeof require('http').createServer === 'function' &&","                    'node';","            }","        }());","        // init global","        local.global = local.modeJs === 'browser'","            ? window","            : global;","        switch (local.modeJs) {","        // re-init local from window.local","        case 'browser':","            local = local.global.utility2.objectSetDefault(","                local.global.utility2_rollup || local.global.local,","                local.global.utility2","            );","            break;","        // re-init local from example.js","        case 'node':","            local = (local.global.utility2_rollup || require('utility2'))","                .requireExampleJsFromReadme();","            break;","        }","        // export local","        local.global.local = local;","    }());","","","","    // run shared js-env code - function","    (function () {","        return;","    }());","    switch (local.modeJs) {","","","","    // run browser js-env code - function","    case 'browser':","        break;","","","","    // run node js-env code - function","    case 'node':","        break;","    }","","","","    // run shared js-env code - post-init","    (function () {","        return;","    }());","    switch (local.modeJs) {","","","","    // run browser js-env code - post-init","    case 'browser':","        local.testCase_browser_nullCase = local.testCase_browser_nullCase || function (","            options,","            onError","        ) {","        /*","         * this function will test browsers's null-case handling-behavior-behavior","         */","            onError(null, options);","        };","","        // run tests","        local.nop(local.modeTest &&","            document.querySelector('#testRunButton1') &&","            document.querySelector('#testRunButton1').click());","        break;","","","","    // run node js-env code - post-init","    /* istanbul ignore next */","    case 'node':","        local.testCase_buildApidoc_default = local.testCase_buildApidoc_default || function (","            options,","            onError","        ) {","        /*","         * this function will test buildApidoc's default handling-behavior-behavior","         */","            options = { modulePathList: module.paths };","            local.buildApidoc(options, onError);","        };","","        local.testCase_buildApp_default = local.testCase_buildApp_default || function (","            options,","            onError","        ) {","        /*","         * this function will test buildApp's default handling-behavior-behavior","         */","            local.testCase_buildReadme_default(options, local.onErrorThrow);","            local.testCase_buildLib_default(options, local.onErrorThrow);","            local.testCase_buildTest_default(options, local.onErrorThrow);","            local.testCase_buildCustomOrg_default(options, local.onErrorThrow);","            options = [];","            local.buildApp(options, onError);","        };","","        local.testCase_buildCustomOrg_default = local.testCase_buildCustomOrg_default ||","            function (options, onError) {","            /*","             * this function will test buildCustomOrg's default handling-behavior","             */","                options = {};","                local.buildCustomOrg(options, onError);","            };","","        local.testCase_buildLib_default = local.testCase_buildLib_default || function (","            options,","            onError","        ) {","        /*","         * this function will test buildLib's default handling-behavior","         */","            options = {};","            local.buildLib(options, onError);","        };","","        local.testCase_buildReadme_default = local.testCase_buildReadme_default || function (","            options,","            onError","        ) {","        /*","         * this function will test buildReadme's default handling-behavior-behavior","         */","            options = {};","            local.buildReadme(options, onError);","        };","","        local.testCase_buildTest_default = local.testCase_buildTest_default || function (","            options,","            onError","        ) {","        /*","         * this function will test buildTest's default handling-behavior","         */","            options = {};","            local.buildTest(options, onError);","        };","","        local.testCase_webpage_default = local.testCase_webpage_default || function (","            options,","            onError","        ) {","        /*","         * this function will test webpage's default handling-behavior","         */","            options = { modeCoverageMerge: true, url: local.serverLocalHost + '?modeTest=1' };","            local.browserTest(options, onError);","        };","","        // run test-server","        local.testRunServer(local);","        break;","    }","}());",""],"l":{"12":2,"14":2,"19":2,"21":2,"23":2,"24":2,"25":2,"30":1,"37":2,"40":2,"43":1,"47":1,"50":1,"52":1,"55":2,"61":2,"62":2,"64":2,"70":1,"76":1,"82":2,"83":2,"85":2,"91":1,"98":1,"102":1,"105":1,"112":1,"119":1,"120":1,"123":1,"130":1,"131":1,"132":1,"133":1,"134":1,"135":1,"138":1,"143":2,"144":2,"147":1,"154":2,"155":2,"158":1,"165":2,"166":2,"169":1,"176":2,"177":2,"180":1,"187":1,"188":1,"192":1,"193":1}},"/home/travis/build/npmtest/node-npmtest-brain/lib.npmtest_brain.js":{"path":"/home/travis/build/npmtest/node-npmtest-brain/lib.npmtest_brain.js","s":{"1":2,"2":2,"3":2,"4":2,"5":2,"6":2,"7":2,"8":1,"9":2,"10":2,"11":2,"12":2,"13":1,"14":1,"15":1,"16":1},"b":{"1":[2,1,1,1],"2":[1,1,1,1],"3":[1,1],"4":[2,2],"5":[1,1]},"f":{"1":2,"2":2,"3":2},"fnMap":{"1":{"name":"(anonymous_1)","line":12,"loc":{"start":{"line":12,"column":1},"end":{"line":12,"column":13}}},"2":{"name":"(anonymous_2)","line":19,"loc":{"start":{"line":19,"column":5},"end":{"line":19,"column":17}}},"3":{"name":"(anonymous_3)","line":23,"loc":{"start":{"line":23,"column":24},"end":{"line":23,"column":36}}}},"statementMap":{"1":{"start":{"line":12,"column":0},"end":{"line":53,"column":5}},"2":{"start":{"line":14,"column":4},"end":{"line":14,"column":14}},"3":{"start":{"line":19,"column":4},"end":{"line":52,"column":9}},"4":{"start":{"line":21,"column":8},"end":{"line":21,"column":19}},"5":{"start":{"line":23,"column":8},"end":{"line":35,"column":13}},"6":{"start":{"line":24,"column":12},"end":{"line":34,"column":13}},"7":{"start":{"line":25,"column":16},"end":{"line":28,"column":30}},"8":{"start":{"line":30,"column":16},"end":{"line":33,"column":27}},"9":{"start":{"line":37,"column":8},"end":{"line":39,"column":21}},"10":{"start":{"line":41,"column":8},"end":{"line":41,"column":54}},"11":{"start":{"line":43,"column":8},"end":{"line":43,"column":50}},"12":{"start":{"line":45,"column":8},"end":{"line":51,"column":9}},"13":{"start":{"line":46,"column":12},"end":{"line":46,"column":56}},"14":{"start":{"line":48,"column":12},"end":{"line":48,"column":35}},"15":{"start":{"line":49,"column":12},"end":{"line":49,"column":49}},"16":{"start":{"line":50,"column":12},"end":{"line":50,"column":43}}},"branchMap":{"1":{"line":25,"type":"binary-expr","locations":[{"start":{"line":25,"column":23},"end":{"line":25,"column":62}},{"start":{"line":26,"column":20},"end":{"line":26,"column":70}},{"start":{"line":27,"column":20},"end":{"line":27,"column":71}},{"start":{"line":28,"column":20},"end":{"line":28,"column":29}}]},"2":{"line":30,"type":"binary-expr","locations":[{"start":{"line":30,"column":23},"end":{"line":30,"column":37}},{"start":{"line":31,"column":20},"end":{"line":31,"column":61}},{"start":{"line":32,"column":20},"end":{"line":32,"column":70}},{"start":{"line":33,"column":20},"end":{"line":33,"column":26}}]},"3":{"line":37,"type":"cond-expr","locations":[{"start":{"line":38,"column":14},"end":{"line":38,"column":20}},{"start":{"line":39,"column":14},"end":{"line":39,"column":20}}]},"4":{"line":41,"type":"binary-expr","locations":[{"start":{"line":41,"column":16},"end":{"line":41,"column":44}},{"start":{"line":41,"column":48},"end":{"line":41,"column":53}}]},"5":{"line":45,"type":"if","locations":[{"start":{"line":45,"column":8},"end":{"line":45,"column":8}},{"start":{"line":45,"column":8},"end":{"line":45,"column":8}}]}},"code":["/* istanbul instrument in package npmtest_brain */","/*jslint","    bitwise: true,","    browser: true,","    maxerr: 8,","    maxlen: 96,","    node: true,","    nomen: true,","    regexp: true,","    stupid: true","*/","(function () {","    'use strict';","    var local;","","","","    // run shared js-env code - pre-init","    (function () {","        // init local","        local = {};","        // init modeJs","        local.modeJs = (function () {","            try {","                return typeof navigator.userAgent === 'string' &&","                    typeof document.querySelector('body') === 'object' &&","                    typeof XMLHttpRequest.prototype.open === 'function' &&","                    'browser';","            } catch (errorCaughtBrowser) {","                return module.exports &&","                    typeof process.versions.node === 'string' &&","                    typeof require('http').createServer === 'function' &&","                    'node';","            }","        }());","        // init global","        local.global = local.modeJs === 'browser'","            ? window","            : global;","        // init utility2_rollup","        local = local.global.utility2_rollup || local;","        // init lib","        local.local = local.npmtest_brain = local;","        // init exports","        if (local.modeJs === 'browser') {","            local.global.utility2_npmtest_brain = local;","        } else {","            module.exports = local;","            module.exports.__dirname = __dirname;","            module.exports.module = module;","        }","    }());","}());",""],"l":{"12":2,"14":2,"19":2,"21":2,"23":2,"24":2,"25":2,"30":1,"37":2,"41":2,"43":2,"45":2,"46":1,"48":1,"49":1,"50":1}},"/home/travis/build/npmtest/node-npmtest-brain/example.js":{"path":"/home/travis/build/npmtest/node-npmtest-brain/example.js","s":{"1":2,"2":2,"3":2,"4":2,"5":2,"6":2,"7":2,"8":1,"9":2,"10":2,"11":2,"12":2,"13":1,"14":2,"15":2,"16":2,"17":2,"18":2,"19":0,"20":2,"21":1,"22":1,"23":1,"24":1,"25":1,"26":0,"27":0,"28":1,"29":1,"30":2,"31":0,"32":0,"33":0,"34":1,"35":2,"36":2,"37":3,"38":3,"39":3,"40":3,"41":0,"42":3,"43":3,"44":3,"45":1,"46":3,"47":1,"48":1,"49":1,"50":1,"51":1,"52":1,"53":1,"54":1,"55":1,"56":1,"57":0,"58":1,"59":6,"60":6,"61":1,"62":2,"63":0,"64":2,"65":1,"66":1,"67":0,"68":0,"69":0,"70":0,"71":0,"72":0,"73":0,"74":0,"75":0,"76":0,"77":0,"78":0,"79":0,"80":0,"81":0,"82":0,"83":0},"b":{"1":[2,1,1,1],"2":[1,1,1,1],"3":[1,1],"4":[2,2],"5":[1,1],"6":[1,1],"7":[2,0],"8":[2,1,1,1,1,1],"9":[0,2,0],"10":[1,1],"11":[2,1,1],"12":[1,0],"13":[0,2],"14":[2,0,0,0,0,0,0],"15":[0,3],"16":[3,0],"17":[1,1],"18":[0,1],"19":[1,2,0,2],"20":[1,0],"21":[1,1],"22":[0,0],"23":[0,0],"24":[0,0],"25":[0,0],"26":[0,0],"27":[0,0],"28":[0,0]},"f":{"1":2,"2":2,"3":2,"4":2,"5":2,"6":2,"7":3,"8":3,"9":3,"10":1,"11":6,"12":0},"fnMap":{"1":{"name":"(anonymous_1)","line":26,"loc":{"start":{"line":26,"column":1},"end":{"line":26,"column":13}}},"2":{"name":"(anonymous_2)","line":33,"loc":{"start":{"line":33,"column":5},"end":{"line":33,"column":17}}},"3":{"name":"(anonymous_3)","line":37,"loc":{"start":{"line":37,"column":24},"end":{"line":37,"column":36}}},"4":{"name":"(anonymous_4)","line":69,"loc":{"start":{"line":69,"column":31},"end":{"line":69,"column":48}},"skip":true},"5":{"name":"(anonymous_5)","line":78,"loc":{"start":{"line":78,"column":26},"end":{"line":78,"column":45}},"skip":true},"6":{"name":"(anonymous_6)","line":123,"loc":{"start":{"line":123,"column":33},"end":{"line":123,"column":48}},"skip":true},"7":{"name":"(anonymous_7)","line":125,"loc":{"start":{"line":125,"column":27},"end":{"line":125,"column":39}},"skip":true},"8":{"name":"(anonymous_8)","line":133,"loc":{"start":{"line":133,"column":59},"end":{"line":133,"column":74}},"skip":true},"9":{"name":"(anonymous_9)","line":143,"loc":{"start":{"line":143,"column":45},"end":{"line":143,"column":62}},"skip":true},"10":{"name":"(anonymous_10)","line":144,"loc":{"start":{"line":144,"column":73},"end":{"line":144,"column":92}},"skip":true},"11":{"name":"(anonymous_11)","line":272,"loc":{"start":{"line":272,"column":51},"end":{"line":272,"column":77}},"skip":true},"12":{"name":"(anonymous_12)","line":315,"loc":{"start":{"line":315,"column":32},"end":{"line":315,"column":61}},"skip":true}},"statementMap":{"1":{"start":{"line":26,"column":0},"end":{"line":326,"column":5}},"2":{"start":{"line":28,"column":4},"end":{"line":28,"column":14}},"3":{"start":{"line":33,"column":4},"end":{"line":60,"column":9}},"4":{"start":{"line":35,"column":8},"end":{"line":35,"column":19}},"5":{"start":{"line":37,"column":8},"end":{"line":49,"column":13}},"6":{"start":{"line":38,"column":12},"end":{"line":48,"column":13}},"7":{"start":{"line":39,"column":16},"end":{"line":42,"column":30}},"8":{"start":{"line":44,"column":16},"end":{"line":47,"column":27}},"9":{"start":{"line":51,"column":8},"end":{"line":53,"column":21}},"10":{"start":{"line":55,"column":8},"end":{"line":57,"column":45}},"11":{"start":{"line":59,"column":8},"end":{"line":59,"column":35}},"12":{"start":{"line":61,"column":4},"end":{"line":325,"column":5}},"13":{"start":{"line":69,"column":8},"end":{"line":121,"column":10},"skip":true},"14":{"start":{"line":70,"column":12},"end":{"line":88,"column":13},"skip":true},"15":{"start":{"line":76,"column":16},"end":{"line":87,"column":19},"skip":true},"16":{"start":{"line":79,"column":20},"end":{"line":86,"column":21},"skip":true},"17":{"start":{"line":82,"column":24},"end":{"line":82,"column":43},"skip":true},"18":{"start":{"line":83,"column":24},"end":{"line":83,"column":30},"skip":true},"19":{"start":{"line":85,"column":24},"end":{"line":85,"column":49},"skip":true},"20":{"start":{"line":89,"column":12},"end":{"line":107,"column":13},"skip":true},"21":{"start":{"line":92,"column":16},"end":{"line":102,"column":17},"skip":true},"22":{"start":{"line":93,"column":20},"end":{"line":93,"column":86},"skip":true},"23":{"start":{"line":94,"column":20},"end":{"line":95,"column":45},"skip":true},"24":{"start":{"line":96,"column":20},"end":{"line":96,"column":42},"skip":true},"25":{"start":{"line":97,"column":20},"end":{"line":97,"column":48},"skip":true},"26":{"start":{"line":100,"column":20},"end":{"line":100,"column":85},"skip":true},"27":{"start":{"line":101,"column":20},"end":{"line":101,"column":96},"skip":true},"28":{"start":{"line":103,"column":16},"end":{"line":103,"column":22},"skip":true},"29":{"start":{"line":106,"column":16},"end":{"line":106,"column":22},"skip":true},"30":{"start":{"line":108,"column":12},"end":{"line":120,"column":13},"skip":true},"31":{"start":{"line":114,"column":16},"end":{"line":119,"column":17},"skip":true},"32":{"start":{"line":116,"column":20},"end":{"line":116,"column":78},"skip":true},"33":{"start":{"line":118,"column":20},"end":{"line":118,"column":47},"skip":true},"34":{"start":{"line":123,"column":8},"end":{"line":141,"column":11},"skip":true},"35":{"start":{"line":124,"column":12},"end":{"line":124,"column":54},"skip":true},"36":{"start":{"line":125,"column":12},"end":{"line":140,"column":14},"skip":true},"37":{"start":{"line":126,"column":16},"end":{"line":126,"column":28},"skip":true},"38":{"start":{"line":127,"column":16},"end":{"line":127,"column":69},"skip":true},"39":{"start":{"line":128,"column":16},"end":{"line":128,"column":75},"skip":true},"40":{"start":{"line":129,"column":16},"end":{"line":131,"column":17},"skip":true},"41":{"start":{"line":130,"column":20},"end":{"line":130,"column":27},"skip":true},"42":{"start":{"line":133,"column":16},"end":{"line":137,"column":36},"skip":true},"43":{"start":{"line":134,"column":20},"end":{"line":136,"column":55},"skip":true},"44":{"start":{"line":139,"column":16},"end":{"line":139,"column":57},"skip":true},"45":{"start":{"line":143,"column":8},"end":{"line":147,"column":11},"skip":true},"46":{"start":{"line":144,"column":12},"end":{"line":146,"column":15},"skip":true},"47":{"start":{"line":145,"column":16},"end":{"line":145,"column":70},"skip":true},"48":{"start":{"line":149,"column":8},"end":{"line":149,"column":31},"skip":true},"49":{"start":{"line":150,"column":8},"end":{"line":150,"column":14},"skip":true},"50":{"start":{"line":158,"column":8},"end":{"line":158,"column":31},"skip":true},"51":{"start":{"line":160,"column":8},"end":{"line":160,"column":33},"skip":true},"52":{"start":{"line":161,"column":8},"end":{"line":161,"column":37},"skip":true},"53":{"start":{"line":162,"column":8},"end":{"line":162,"column":35},"skip":true},"54":{"start":{"line":164,"column":8},"end":{"line":164,"column":50},"skip":true},"55":{"start":{"line":166,"column":8},"end":{"line":256,"column":2},"skip":true},"56":{"start":{"line":258,"column":8},"end":{"line":286,"column":9},"skip":true},"57":{"start":{"line":259,"column":12},"end":{"line":269,"column":14},"skip":true},"58":{"start":{"line":271,"column":12},"end":{"line":285,"column":19},"skip":true},"59":{"start":{"line":274,"column":20},"end":{"line":274,"column":35},"skip":true},"60":{"start":{"line":275,"column":20},"end":{"line":284,"column":21},"skip":true},"61":{"start":{"line":277,"column":24},"end":{"line":277,"column":64},"skip":true},"62":{"start":{"line":279,"column":24},"end":{"line":279,"column":40},"skip":true},"63":{"start":{"line":281,"column":24},"end":{"line":281,"column":40},"skip":true},"64":{"start":{"line":283,"column":24},"end":{"line":283,"column":39},"skip":true},"65":{"start":{"line":288,"column":8},"end":{"line":290,"column":9},"skip":true},"66":{"start":{"line":289,"column":12},"end":{"line":289,"column":18},"skip":true},"67":{"start":{"line":291,"column":8},"end":{"line":293,"column":54},"skip":true},"68":{"start":{"line":296,"column":8},"end":{"line":301,"column":37},"skip":true},"69":{"start":{"line":303,"column":8},"end":{"line":303,"column":82},"skip":true},"70":{"start":{"line":306,"column":8},"end":{"line":308,"column":9},"skip":true},"71":{"start":{"line":307,"column":12},"end":{"line":307,"column":82},"skip":true},"72":{"start":{"line":310,"column":8},"end":{"line":312,"column":9},"skip":true},"73":{"start":{"line":311,"column":12},"end":{"line":311,"column":18},"skip":true},"74":{"start":{"line":313,"column":8},"end":{"line":313,"column":54},"skip":true},"75":{"start":{"line":314,"column":8},"end":{"line":314,"column":69},"skip":true},"76":{"start":{"line":315,"column":8},"end":{"line":323,"column":36},"skip":true},"77":{"start":{"line":316,"column":12},"end":{"line":316,"column":61},"skip":true},"78":{"start":{"line":317,"column":12},"end":{"line":320,"column":13},"skip":true},"79":{"start":{"line":318,"column":16},"end":{"line":318,"column":75},"skip":true},"80":{"start":{"line":319,"column":16},"end":{"line":319,"column":23},"skip":true},"81":{"start":{"line":321,"column":12},"end":{"line":321,"column":38},"skip":true},"82":{"start":{"line":322,"column":12},"end":{"line":322,"column":27},"skip":true},"83":{"start":{"line":324,"column":8},"end":{"line":324,"column":14},"skip":true}},"branchMap":{"1":{"line":39,"type":"binary-expr","locations":[{"start":{"line":39,"column":23},"end":{"line":39,"column":62}},{"start":{"line":40,"column":20},"end":{"line":40,"column":70}},{"start":{"line":41,"column":20},"end":{"line":41,"column":71}},{"start":{"line":42,"column":20},"end":{"line":42,"column":29}}]},"2":{"line":44,"type":"binary-expr","locations":[{"start":{"line":44,"column":23},"end":{"line":44,"column":37}},{"start":{"line":45,"column":20},"end":{"line":45,"column":61}},{"start":{"line":46,"column":20},"end":{"line":46,"column":70}},{"start":{"line":47,"column":20},"end":{"line":47,"column":26}}]},"3":{"line":51,"type":"cond-expr","locations":[{"start":{"line":52,"column":14},"end":{"line":52,"column":20}},{"start":{"line":53,"column":14},"end":{"line":53,"column":20}}]},"4":{"line":55,"type":"binary-expr","locations":[{"start":{"line":55,"column":16},"end":{"line":55,"column":44}},{"start":{"line":55,"column":49},"end":{"line":57,"column":43}}]},"5":{"line":55,"type":"cond-expr","locations":[{"start":{"line":56,"column":14},"end":{"line":56,"column":49}},{"start":{"line":57,"column":14},"end":{"line":57,"column":43}}]},"6":{"line":61,"type":"switch","locations":[{"start":{"line":68,"column":4},"end":{"line":150,"column":14},"skip":true},{"start":{"line":156,"column":4},"end":{"line":324,"column":14},"skip":true}]},"7":{"line":70,"type":"if","locations":[{"start":{"line":70,"column":12},"end":{"line":70,"column":12},"skip":true},{"start":{"line":70,"column":12},"end":{"line":70,"column":12},"skip":true}]},"8":{"line":70,"type":"binary-expr","locations":[{"start":{"line":70,"column":16},"end":{"line":70,"column":22},"skip":true},{"start":{"line":70,"column":27},"end":{"line":70,"column":32},"skip":true},{"start":{"line":71,"column":20},"end":{"line":71,"column":39},"skip":true},{"start":{"line":72,"column":20},"end":{"line":72,"column":49},"skip":true},{"start":{"line":73,"column":20},"end":{"line":73,"column":58},"skip":true},{"start":{"line":74,"column":20},"end":{"line":74,"column":69},"skip":true}]},"9":{"line":79,"type":"switch","locations":[{"start":{"line":80,"column":20},"end":{"line":80,"column":33},"skip":true},{"start":{"line":81,"column":20},"end":{"line":83,"column":30},"skip":true},{"start":{"line":84,"column":20},"end":{"line":85,"column":49},"skip":true}]},"10":{"line":89,"type":"switch","locations":[{"start":{"line":90,"column":12},"end":{"line":103,"column":22},"skip":true},{"start":{"line":105,"column":12},"end":{"line":106,"column":22},"skip":true}]},"11":{"line":89,"type":"binary-expr","locations":[{"start":{"line":89,"column":20},"end":{"line":89,"column":25},"skip":true},{"start":{"line":89,"column":29},"end":{"line":89,"column":48},"skip":true},{"start":{"line":89,"column":52},"end":{"line":89,"column":74},"skip":true}]},"12":{"line":92,"type":"if","locations":[{"start":{"line":92,"column":16},"end":{"line":92,"column":16},"skip":true},{"start":{"line":92,"column":16},"end":{"line":92,"column":16},"skip":true}]},"13":{"line":108,"type":"if","locations":[{"start":{"line":108,"column":12},"end":{"line":108,"column":12},"skip":true},{"start":{"line":108,"column":12},"end":{"line":108,"column":12},"skip":true}]},"14":{"line":108,"type":"binary-expr","locations":[{"start":{"line":108,"column":16},"end":{"line":108,"column":61},"skip":true},{"start":{"line":108,"column":66},"end":{"line":108,"column":72},"skip":true},{"start":{"line":108,"column":77},"end":{"line":108,"column":82},"skip":true},{"start":{"line":109,"column":20},"end":{"line":109,"column":39},"skip":true},{"start":{"line":110,"column":20},"end":{"line":110,"column":49},"skip":true},{"start":{"line":111,"column":20},"end":{"line":111,"column":58},"skip":true},{"start":{"line":112,"column":20},"end":{"line":112,"column":68},"skip":true}]},"15":{"line":129,"type":"if","locations":[{"start":{"line":129,"column":16},"end":{"line":129,"column":16},"skip":true},{"start":{"line":129,"column":16},"end":{"line":129,"column":16},"skip":true}]},"16":{"line":134,"type":"cond-expr","locations":[{"start":{"line":135,"column":26},"end":{"line":135,"column":29},"skip":true},{"start":{"line":136,"column":26},"end":{"line":136,"column":54},"skip":true}]},"17":{"line":164,"type":"binary-expr","locations":[{"start":{"line":164,"column":27},"end":{"line":164,"column":43},"skip":true},{"start":{"line":164,"column":47},"end":{"line":164,"column":49},"skip":true}]},"18":{"line":258,"type":"if","locations":[{"start":{"line":258,"column":8},"end":{"line":258,"column":8},"skip":true},{"start":{"line":258,"column":8},"end":{"line":258,"column":8},"skip":true}]},"19":{"line":275,"type":"switch","locations":[{"start":{"line":276,"column":20},"end":{"line":277,"column":64},"skip":true},{"start":{"line":278,"column":20},"end":{"line":279,"column":40},"skip":true},{"start":{"line":280,"column":20},"end":{"line":281,"column":40},"skip":true},{"start":{"line":282,"column":20},"end":{"line":283,"column":39},"skip":true}]},"20":{"line":288,"type":"if","locations":[{"start":{"line":288,"column":8},"end":{"line":288,"column":8},"skip":true},{"start":{"line":288,"column":8},"end":{"line":288,"column":8},"skip":true}]},"21":{"line":288,"type":"binary-expr","locations":[{"start":{"line":288,"column":12},"end":{"line":288,"column":40},"skip":true},{"start":{"line":288,"column":44},"end":{"line":288,"column":67},"skip":true}]},"22":{"line":292,"type":"binary-expr","locations":[{"start":{"line":292,"column":12},"end":{"line":292,"column":50},"skip":true},{"start":{"line":293,"column":12},"end":{"line":293,"column":53},"skip":true}]},"23":{"line":297,"type":"binary-expr","locations":[{"start":{"line":297,"column":12},"end":{"line":297,"column":63},"skip":true},{"start":{"line":298,"column":12},"end":{"line":301,"column":36},"skip":true}]},"24":{"line":303,"type":"binary-expr","locations":[{"start":{"line":303,"column":43},"end":{"line":303,"column":75},"skip":true},{"start":{"line":303,"column":79},"end":{"line":303,"column":81},"skip":true}]},"25":{"line":306,"type":"if","locations":[{"start":{"line":306,"column":8},"end":{"line":306,"column":8},"skip":true},{"start":{"line":306,"column":8},"end":{"line":306,"column":8},"skip":true}]},"26":{"line":310,"type":"if","locations":[{"start":{"line":310,"column":8},"end":{"line":310,"column":8},"skip":true},{"start":{"line":310,"column":8},"end":{"line":310,"column":8},"skip":true}]},"27":{"line":313,"type":"binary-expr","locations":[{"start":{"line":313,"column":27},"end":{"line":313,"column":43},"skip":true},{"start":{"line":313,"column":47},"end":{"line":313,"column":53},"skip":true}]},"28":{"line":317,"type":"if","locations":[{"start":{"line":317,"column":12},"end":{"line":317,"column":12},"skip":true},{"start":{"line":317,"column":12},"end":{"line":317,"column":12},"skip":true}]}},"code":["/*","example.js","","quickstart example","","instruction","    1. save this script as example.js","    2. run the shell command:","        $ npm install npmtest-brain && PORT=8081 node example.js","    3. play with the browser-demo on http://127.0.0.1:8081","*/","","","","/* istanbul instrument in package npmtest_brain */","/*jslint","    bitwise: true,","    browser: true,","    maxerr: 8,","    maxlen: 96,","    node: true,","    nomen: true,","    regexp: true,","    stupid: true","*/","(function () {","    'use strict';","    var local;","","","","    // run shared js-env code - pre-init","    (function () {","        // init local","        local = {};","        // init modeJs","        local.modeJs = (function () {","            try {","                return typeof navigator.userAgent === 'string' &&","                    typeof document.querySelector('body') === 'object' &&","                    typeof XMLHttpRequest.prototype.open === 'function' &&","                    'browser';","            } catch (errorCaughtBrowser) {","                return module.exports &&","                    typeof process.versions.node === 'string' &&","                    typeof require('http').createServer === 'function' &&","                    'node';","            }","        }());","        // init global","        local.global = local.modeJs === 'browser'","            ? window","            : global;","        // init utility2_rollup","        local = local.global.utility2_rollup || (local.modeJs === 'browser'","            ? local.global.utility2_npmtest_brain","            : global.utility2_moduleExports);","        // export local","        local.global.local = local;","    }());","    switch (local.modeJs) {","","","","    // post-init","    // run browser js-env code - post-init","    /* istanbul ignore next */","    case 'browser':","        local.testRunBrowser = function (event) {","            if (!event || (event &&","                    event.currentTarget &&","                    event.currentTarget.className &&","                    event.currentTarget.className.includes &&","                    event.currentTarget.className.includes('onreset'))) {","                // reset output","                Array.from(","                    document.querySelectorAll('body > .resettable')","                ).forEach(function (element) {","                    switch (element.tagName) {","                    case 'INPUT':","                    case 'TEXTAREA':","                        element.value = '';","                        break;","                    default:","                        element.textContent = '';","                    }","                });","            }","            switch (event && event.currentTarget && event.currentTarget.id) {","            case 'testRunButton1':","                // show tests","                if (document.querySelector('#testReportDiv1').style.display === 'none') {","                    document.querySelector('#testReportDiv1').style.display = 'block';","                    document.querySelector('#testRunButton1').textContent =","                        'hide internal test';","                    local.modeTest = true;","                    local.testRunDefault(local);","                // hide tests","                } else {","                    document.querySelector('#testReportDiv1').style.display = 'none';","                    document.querySelector('#testRunButton1').textContent = 'run internal test';","                }","                break;","            // custom-case","            default:","                break;","            }","            if (document.querySelector('#inputTextareaEval1') && (!event || (event &&","                    event.currentTarget &&","                    event.currentTarget.className &&","                    event.currentTarget.className.includes &&","                    event.currentTarget.className.includes('oneval')))) {","                // try to eval input-code","                try {","                    /*jslint evil: true*/","                    eval(document.querySelector('#inputTextareaEval1').value);","                } catch (errorCaught) {","                    console.error(errorCaught);","                }","            }","        };","        // log stderr and stdout to #outputTextareaStdout1","        ['error', 'log'].forEach(function (key) {","            console[key + '_original'] = console[key];","            console[key] = function () {","                var element;","                console[key + '_original'].apply(console, arguments);","                element = document.querySelector('#outputTextareaStdout1');","                if (!element) {","                    return;","                }","                // append text to #outputTextareaStdout1","                element.value += Array.from(arguments).map(function (arg) {","                    return typeof arg === 'string'","                        ? arg","                        : JSON.stringify(arg, null, 4);","                }).join(' ') + '\\n';","                // scroll textarea to bottom","                element.scrollTop = element.scrollHeight;","            };","        });","        // init event-handling","        ['change', 'click', 'keyup'].forEach(function (event) {","            Array.from(document.querySelectorAll('.on' + event)).forEach(function (element) {","                element.addEventListener(event, local.testRunBrowser);","            });","        });","        // run tests","        local.testRunBrowser();","        break;","","","","    // run node js-env code - post-init","    /* istanbul ignore next */","    case 'node':","        // export local","        module.exports = local;","        // require modules","        local.fs = require('fs');","        local.http = require('http');","        local.url = require('url');","        // init assets","        local.assetsDict = local.assetsDict || {};","        /* jslint-ignore-begin */","        local.assetsDict['/assets.index.template.html'] = '\\","<!doctype html>\\n\\","<html lang=\"en\">\\n\\","<head>\\n\\","<meta charset=\"UTF-8\">\\n\\","<meta name=\"viewport\" content=\"width=device-width, initial-scale=1\">\\n\\","<title>{{env.npm_package_name}} (v{{env.npm_package_version}})</title>\\n\\","<style>\\n\\","/*csslint\\n\\","    box-sizing: false,\\n\\","    universal-selector: false\\n\\","*/\\n\\","* {\\n\\","    box-sizing: border-box;\\n\\","}\\n\\","body {\\n\\","    background: #dde;\\n\\","    font-family: Arial, Helvetica, sans-serif;\\n\\","    margin: 2rem;\\n\\","}\\n\\","body > * {\\n\\","    margin-bottom: 1rem;\\n\\","}\\n\\",".utility2FooterDiv {\\n\\","    margin-top: 20px;\\n\\","    text-align: center;\\n\\","}\\n\\","</style>\\n\\","<style>\\n\\","/*csslint\\n\\","*/\\n\\","textarea {\\n\\","    font-family: monospace;\\n\\","    height: 10rem;\\n\\","    width: 100%;\\n\\","}\\n\\","textarea[readonly] {\\n\\","    background: #ddd;\\n\\","}\\n\\","</style>\\n\\","</head>\\n\\","<body>\\n\\","<!-- utility2-comment\\n\\","<div id=\"ajaxProgressDiv1\" style=\"background: #d00; height: 2px; left: 0; margin: 0; padding: 0; position: fixed; top: 0; transition: background 0.5s, width 1.5s; width: 25%;\"></div>\\n\\","utility2-comment -->\\n\\","<h1>\\n\\","<!-- utility2-comment\\n\\","    <a\\n\\","        {{#if env.npm_package_homepage}}\\n\\","        href=\"{{env.npm_package_homepage}}\"\\n\\","        {{/if env.npm_package_homepage}}\\n\\","        target=\"_blank\"\\n\\","    >\\n\\","utility2-comment -->\\n\\","        {{env.npm_package_name}} (v{{env.npm_package_version}})\\n\\","<!-- utility2-comment\\n\\","    </a>\\n\\","utility2-comment -->\\n\\","</h1>\\n\\","<h3>{{env.npm_package_description}}</h3>\\n\\","<!-- utility2-comment\\n\\","<h4><a download href=\"assets.app.js\">download standalone app</a></h4>\\n\\","<button class=\"onclick onreset\" id=\"testRunButton1\">run internal test</button><br>\\n\\","<div id=\"testReportDiv1\" style=\"display: none;\"></div>\\n\\","utility2-comment -->\\n\\","\\n\\","\\n\\","\\n\\","<label>stderr and stdout</label>\\n\\","<textarea class=\"resettable\" id=\"outputTextareaStdout1\" readonly></textarea>\\n\\","<!-- utility2-comment\\n\\","{{#if isRollup}}\\n\\","<script src=\"assets.app.js\"></script>\\n\\","{{#unless isRollup}}\\n\\","utility2-comment -->\\n\\","<script src=\"assets.utility2.rollup.js\"></script>\\n\\","<script src=\"jsonp.utility2._stateInit?callback=window.utility2._stateInit\"></script>\\n\\","<script src=\"assets.npmtest_brain.rollup.js\"></script>\\n\\","<script src=\"assets.example.js\"></script>\\n\\","<script src=\"assets.test.js\"></script>\\n\\","<!-- utility2-comment\\n\\","{{/if isRollup}}\\n\\","utility2-comment -->\\n\\","<div class=\"utility2FooterDiv\">\\n\\","    [ this app was created with\\n\\","    <a href=\"https://github.com/kaizhu256/node-utility2\" target=\"_blank\">utility2</a>\\n\\","    ]\\n\\","</div>\\n\\","</body>\\n\\","</html>\\n\\","';","        /* jslint-ignore-end */","        if (local.templateRender) {","            local.assetsDict['/'] = local.templateRender(","                local.assetsDict['/assets.index.template.html'],","                {","                    env: local.objectSetDefault(local.env, {","                        npm_package_description: 'the greatest app in the world!',","                        npm_package_name: 'my-app',","                        npm_package_nameAlias: 'my_app',","                        npm_package_version: '0.0.1'","                    })","                }","            );","        } else {","            local.assetsDict['/'] = local.assetsDict['/assets.index.template.html']","                .replace((/\\{\\{env\\.(\\w+?)\\}\\}/g), function (match0, match1) {","                    // jslint-hack","                    String(match0);","                    switch (match1) {","                    case 'npm_package_description':","                        return 'the greatest app in the world!';","                    case 'npm_package_name':","                        return 'my-app';","                    case 'npm_package_nameAlias':","                        return 'my_app';","                    case 'npm_package_version':","                        return '0.0.1';","                    }","                });","        }","        // run the cli","        if (local.global.utility2_rollup || module !== require.main) {","            break;","        }","        local.assetsDict['/assets.example.js'] =","            local.assetsDict['/assets.example.js'] ||","            local.fs.readFileSync(__filename, 'utf8');","        // bug-workaround - long $npm_package_buildCustomOrg","        /* jslint-ignore-begin */","        local.assetsDict['/assets.npmtest_brain.rollup.js'] =","            local.assetsDict['/assets.npmtest_brain.rollup.js'] ||","            local.fs.readFileSync(","                local.npmtest_brain.__dirname + '/lib.npmtest_brain.js',","                'utf8'","            ).replace((/^#!/), '//');","        /* jslint-ignore-end */","        local.assetsDict['/favicon.ico'] = local.assetsDict['/favicon.ico'] || '';","        // if $npm_config_timeout_exit exists,","        // then exit this process after $npm_config_timeout_exit ms","        if (Number(process.env.npm_config_timeout_exit)) {","            setTimeout(process.exit, Number(process.env.npm_config_timeout_exit));","        }","        // start server","        if (local.global.utility2_serverHttp1) {","            break;","        }","        process.env.PORT = process.env.PORT || '8081';","        console.error('server starting on port ' + process.env.PORT);","        local.http.createServer(function (request, response) {","            request.urlParsed = local.url.parse(request.url);","            if (local.assetsDict[request.urlParsed.pathname] !== undefined) {","                response.end(local.assetsDict[request.urlParsed.pathname]);","                return;","            }","            response.statusCode = 404;","            response.end();","        }).listen(process.env.PORT);","        break;","    }","}());",""],"l":{"26":2,"28":2,"33":2,"35":2,"37":2,"38":2,"39":2,"44":1,"51":2,"55":2,"59":2,"61":2,"69":1,"70":2,"76":2,"79":2,"82":2,"83":2,"85":1,"89":2,"92":1,"93":1,"94":1,"96":1,"97":1,"100":1,"101":1,"103":1,"106":1,"108":2,"114":1,"116":1,"118":1,"123":1,"124":2,"125":2,"126":3,"127":3,"128":3,"129":3,"130":1,"133":3,"134":3,"139":3,"143":1,"144":3,"145":1,"149":1,"150":1,"158":1,"160":1,"161":1,"162":1,"164":1,"166":1,"258":1,"259":1,"271":1,"274":6,"275":6,"277":1,"279":2,"281":1,"283":2,"288":1,"289":1,"291":1,"296":1,"303":1,"306":1,"307":1,"310":1,"311":1,"313":1,"314":1,"315":1,"316":1,"317":1,"318":1,"319":1,"321":1,"322":1,"324":1}},"/home/travis/build/npmtest/node-npmtest-brain/node_modules/brain/lib/brain.js":{"path":"/home/travis/build/npmtest/node-npmtest-brain/node_modules/brain/lib/brain.js","s":{"1":1,"2":1},"b":{},"f":{},"fnMap":{},"statementMap":{"1":{"start":{"line":1,"column":0},"end":{"line":1,"column":65}},"2":{"start":{"line":2,"column":0},"end":{"line":2,"column":52}}},"branchMap":{},"code":["exports.NeuralNetwork = require(\"./neuralnetwork\").NeuralNetwork;","exports.crossValidate = require(\"./cross-validate\");",""],"l":{"1":1,"2":1}},"/home/travis/build/npmtest/node-npmtest-brain/node_modules/brain/lib/neuralnetwork.js":{"path":"/home/travis/build/npmtest/node-npmtest-brain/node_modules/brain/lib/neuralnetwork.js","s":{"1":1,"2":1,"3":0,"4":0,"5":0,"6":0,"7":0,"8":1,"9":0,"10":0,"11":0,"12":0,"13":0,"14":0,"15":0,"16":0,"17":0,"18":0,"19":0,"20":0,"21":0,"22":0,"23":0,"24":0,"25":0,"26":0,"27":0,"28":0,"29":0,"30":0,"31":0,"32":0,"33":0,"34":0,"35":0,"36":0,"37":0,"38":0,"39":0,"40":0,"41":0,"42":0,"43":0,"44":0,"45":0,"46":0,"47":0,"48":0,"49":0,"50":0,"51":0,"52":0,"53":0,"54":0,"55":0,"56":0,"57":0,"58":0,"59":0,"60":0,"61":0,"62":0,"63":0,"64":0,"65":0,"66":0,"67":0,"68":0,"69":0,"70":0,"71":0,"72":0,"73":0,"74":0,"75":0,"76":0,"77":0,"78":0,"79":0,"80":0,"81":0,"82":0,"83":0,"84":0,"85":0,"86":0,"87":0,"88":0,"89":0,"90":0,"91":0,"92":0,"93":0,"94":0,"95":0,"96":0,"97":0,"98":0,"99":0,"100":0,"101":0,"102":0,"103":0,"104":0,"105":0,"106":0,"107":0,"108":0,"109":0,"110":0,"111":0,"112":0,"113":0,"114":0,"115":0,"116":0,"117":0,"118":0,"119":0,"120":0,"121":0,"122":0,"123":0,"124":0,"125":0,"126":0,"127":0,"128":0,"129":0,"130":0,"131":0,"132":0,"133":0,"134":0,"135":0,"136":0,"137":0,"138":0,"139":0,"140":0,"141":0,"142":0,"143":0,"144":0,"145":0,"146":0,"147":0,"148":0,"149":0,"150":0,"151":0,"152":0,"153":0,"154":0,"155":0,"156":0,"157":0,"158":0,"159":0,"160":0,"161":0,"162":0,"163":0,"164":0,"165":0,"166":0,"167":0,"168":0,"169":0,"170":0,"171":0,"172":0,"173":0,"174":0,"175":0,"176":0,"177":0,"178":0,"179":0,"180":0,"181":0,"182":0,"183":0,"184":0,"185":0,"186":0,"187":0,"188":0,"189":0,"190":0,"191":0,"192":0,"193":0,"194":0,"195":0,"196":0,"197":0,"198":0,"199":0,"200":0,"201":0,"202":0,"203":1,"204":0,"205":1,"206":0,"207":0,"208":0,"209":0,"210":1,"211":0,"212":0,"213":0,"214":0,"215":1,"216":0,"217":0,"218":0,"219":0,"220":1,"221":1,"222":0,"223":0,"224":0,"225":0,"226":0,"227":0,"228":0,"229":0,"230":0,"231":0,"232":0,"233":0,"234":0,"235":0,"236":0,"237":0,"238":0,"239":0,"240":0,"241":0,"242":0,"243":0,"244":1,"245":1,"246":0,"247":0,"248":0,"249":0,"250":0,"251":0,"252":0,"253":0,"254":0,"255":0,"256":0,"257":0,"258":0,"259":1,"260":0,"261":0,"262":1,"263":0,"264":0,"265":0,"266":0,"267":0,"268":0,"269":0,"270":0,"271":0,"272":0,"273":0,"274":0,"275":0,"276":0,"277":0,"278":0,"279":0,"280":0,"281":0,"282":0,"283":0,"284":0,"285":0,"286":0,"287":0,"288":0,"289":0,"290":0,"291":0,"292":0},"b":{"1":[0,0],"2":[0,0],"3":[0,0],"4":[0,0],"5":[0,0],"6":[0,0],"7":[0,0],"8":[0,0],"9":[0,0],"10":[0,0],"11":[0,0],"12":[0,0],"13":[0,0,0],"14":[0,0],"15":[0,0],"16":[0,0],"17":[0,0],"18":[0,0],"19":[0,0],"20":[0,0],"21":[0,0],"22":[0,0],"23":[0,0],"24":[0,0],"25":[0,0],"26":[0,0],"27":[0,0],"28":[0,0],"29":[0,0],"30":[0,0],"31":[0,0],"32":[0,0],"33":[0,0],"34":[0,0],"35":[0,0],"36":[0,0],"37":[0,0],"38":[0,0],"39":[0,0],"40":[0,0],"41":[0,0],"42":[0,0],"43":[0,0],"44":[0,0],"45":[0,0],"46":[0,0],"47":[0,0],"48":[0,0],"49":[0,0],"50":[0,0,0],"51":[0,0],"52":[0,0,0],"53":[0,0],"54":[0,0],"55":[0,0],"56":[0,0],"57":[0,0],"58":[0,0],"59":[0,0],"60":[0,0],"61":[0,0],"62":[0,0],"63":[0,0],"64":[0,0],"65":[0,0],"66":[0,0],"67":[0,0],"68":[0,0],"69":[0,0],"70":[0,0],"71":[0,0],"72":[0,0],"73":[0,0],"74":[0,0],"75":[0,0],"76":[0,0]},"f":{"1":0,"2":0,"3":0,"4":0,"5":0,"6":0,"7":0,"8":0,"9":0,"10":0,"11":0,"12":0,"13":0,"14":0,"15":0,"16":0,"17":0,"18":0,"19":0,"20":0,"21":0,"22":0,"23":0,"24":0,"25":0},"fnMap":{"1":{"name":"(anonymous_1)","line":6,"loc":{"start":{"line":6,"column":20},"end":{"line":6,"column":38}}},"2":{"name":"(anonymous_2)","line":16,"loc":{"start":{"line":16,"column":14},"end":{"line":16,"column":30}}},"3":{"name":"(anonymous_3)","line":49,"loc":{"start":{"line":49,"column":7},"end":{"line":49,"column":23}}},"4":{"name":"(anonymous_4)","line":62,"loc":{"start":{"line":62,"column":12},"end":{"line":62,"column":28}}},"5":{"name":"(anonymous_5)","line":80,"loc":{"start":{"line":80,"column":9},"end":{"line":80,"column":33}}},"6":{"name":"(anonymous_6)","line":125,"loc":{"start":{"line":125,"column":17},"end":{"line":125,"column":55}}},"7":{"name":"(anonymous_7)","line":139,"loc":{"start":{"line":139,"column":19},"end":{"line":139,"column":36}}},"8":{"name":"(anonymous_8)","line":160,"loc":{"start":{"line":160,"column":17},"end":{"line":160,"column":40}}},"9":{"name":"(anonymous_9)","line":181,"loc":{"start":{"line":181,"column":14},"end":{"line":181,"column":29}}},"10":{"name":"(anonymous_10)","line":193,"loc":{"start":{"line":193,"column":22},"end":{"line":193,"column":38}}},"11":{"name":"(anonymous_11)","line":203,"loc":{"start":{"line":203,"column":22},"end":{"line":203,"column":38}}},"12":{"name":"(anonymous_12)","line":211,"loc":{"start":{"line":211,"column":9},"end":{"line":211,"column":24}}},"13":{"name":"(anonymous_13)","line":265,"loc":{"start":{"line":265,"column":30},"end":{"line":265,"column":49}}},"14":{"name":"(anonymous_14)","line":292,"loc":{"start":{"line":292,"column":10},"end":{"line":292,"column":21}}},"15":{"name":"(anonymous_15)","line":340,"loc":{"start":{"line":340,"column":12},"end":{"line":340,"column":27}}},"16":{"name":"(anonymous_16)","line":373,"loc":{"start":{"line":373,"column":15},"end":{"line":373,"column":26}}},"17":{"name":"(anonymous_17)","line":399,"loc":{"start":{"line":399,"column":21},"end":{"line":399,"column":36}}},"18":{"name":"randomWeight","line":407,"loc":{"start":{"line":407,"column":0},"end":{"line":407,"column":24}}},"19":{"name":"zeros","line":411,"loc":{"start":{"line":411,"column":0},"end":{"line":411,"column":21}}},"20":{"name":"randos","line":419,"loc":{"start":{"line":419,"column":0},"end":{"line":419,"column":22}}},"21":{"name":"mse","line":427,"loc":{"start":{"line":427,"column":0},"end":{"line":427,"column":21}}},"22":{"name":"TrainStream","line":438,"loc":{"start":{"line":438,"column":0},"end":{"line":438,"column":27}}},"23":{"name":"(anonymous_23)","line":481,"loc":{"start":{"line":481,"column":31},"end":{"line":481,"column":58}}},"24":{"name":"(anonymous_24)","line":504,"loc":{"start":{"line":504,"column":35},"end":{"line":504,"column":51}}},"25":{"name":"(anonymous_25)","line":509,"loc":{"start":{"line":509,"column":46},"end":{"line":509,"column":57}}}},"statementMap":{"1":{"start":{"line":1,"column":0},"end":{"line":4,"column":35}},"2":{"start":{"line":6,"column":0},"end":{"line":13,"column":1}},"3":{"start":{"line":7,"column":2},"end":{"line":7,"column":26}},"4":{"start":{"line":8,"column":2},"end":{"line":8,"column":50}},"5":{"start":{"line":9,"column":2},"end":{"line":9,"column":42}},"6":{"start":{"line":10,"column":2},"end":{"line":10,"column":42}},"7":{"start":{"line":12,"column":2},"end":{"line":12,"column":50}},"8":{"start":{"line":15,"column":0},"end":{"line":405,"column":1}},"9":{"start":{"line":17,"column":4},"end":{"line":17,"column":23}},"10":{"start":{"line":18,"column":4},"end":{"line":18,"column":45}},"11":{"start":{"line":20,"column":4},"end":{"line":20,"column":21}},"12":{"start":{"line":21,"column":4},"end":{"line":21,"column":22}},"13":{"start":{"line":22,"column":4},"end":{"line":22,"column":22}},"14":{"start":{"line":25,"column":4},"end":{"line":25,"column":21}},"15":{"start":{"line":26,"column":4},"end":{"line":26,"column":22}},"16":{"start":{"line":27,"column":4},"end":{"line":27,"column":21}},"17":{"start":{"line":29,"column":4},"end":{"line":46,"column":5}},"18":{"start":{"line":30,"column":6},"end":{"line":30,"column":35}},"19":{"start":{"line":31,"column":6},"end":{"line":31,"column":39}},"20":{"start":{"line":32,"column":6},"end":{"line":32,"column":39}},"21":{"start":{"line":33,"column":6},"end":{"line":33,"column":40}},"22":{"start":{"line":35,"column":6},"end":{"line":45,"column":7}},"23":{"start":{"line":36,"column":8},"end":{"line":36,"column":42}},"24":{"start":{"line":37,"column":8},"end":{"line":37,"column":46}},"25":{"start":{"line":38,"column":8},"end":{"line":38,"column":46}},"26":{"start":{"line":40,"column":8},"end":{"line":44,"column":9}},"27":{"start":{"line":41,"column":10},"end":{"line":41,"column":47}},"28":{"start":{"line":42,"column":10},"end":{"line":42,"column":55}},"29":{"start":{"line":43,"column":10},"end":{"line":43,"column":54}},"30":{"start":{"line":50,"column":4},"end":{"line":52,"column":5}},"31":{"start":{"line":51,"column":6},"end":{"line":51,"column":54}},"32":{"start":{"line":54,"column":4},"end":{"line":54,"column":38}},"33":{"start":{"line":56,"column":4},"end":{"line":58,"column":5}},"34":{"start":{"line":57,"column":6},"end":{"line":57,"column":56}},"35":{"start":{"line":59,"column":4},"end":{"line":59,"column":18}},"36":{"start":{"line":63,"column":4},"end":{"line":63,"column":28}},"37":{"start":{"line":65,"column":4},"end":{"line":76,"column":5}},"38":{"start":{"line":66,"column":6},"end":{"line":74,"column":7}},"39":{"start":{"line":67,"column":8},"end":{"line":67,"column":48}},"40":{"start":{"line":69,"column":8},"end":{"line":69,"column":43}},"41":{"start":{"line":70,"column":8},"end":{"line":72,"column":9}},"42":{"start":{"line":71,"column":10},"end":{"line":71,"column":39}},"43":{"start":{"line":73,"column":8},"end":{"line":73,"column":61}},"44":{"start":{"line":75,"column":6},"end":{"line":75,"column":47}},"45":{"start":{"line":77,"column":4},"end":{"line":77,"column":18}},"46":{"start":{"line":81,"column":4},"end":{"line":81,"column":33}},"47":{"start":{"line":83,"column":4},"end":{"line":83,"column":28}},"48":{"start":{"line":84,"column":4},"end":{"line":84,"column":49}},"49":{"start":{"line":85,"column":4},"end":{"line":85,"column":51}},"50":{"start":{"line":86,"column":4},"end":{"line":86,"column":35}},"51":{"start":{"line":87,"column":4},"end":{"line":87,"column":44}},"52":{"start":{"line":88,"column":4},"end":{"line":88,"column":72}},"53":{"start":{"line":89,"column":4},"end":{"line":89,"column":36}},"54":{"start":{"line":90,"column":4},"end":{"line":90,"column":54}},"55":{"start":{"line":92,"column":4},"end":{"line":92,"column":41}},"56":{"start":{"line":93,"column":4},"end":{"line":93,"column":43}},"57":{"start":{"line":95,"column":4},"end":{"line":95,"column":39}},"58":{"start":{"line":96,"column":4},"end":{"line":98,"column":5}},"59":{"start":{"line":97,"column":6},"end":{"line":97,"column":61}},"60":{"start":{"line":99,"column":4},"end":{"line":99,"column":66}},"61":{"start":{"line":100,"column":4},"end":{"line":100,"column":27}},"62":{"start":{"line":102,"column":4},"end":{"line":102,"column":18}},"63":{"start":{"line":103,"column":4},"end":{"line":117,"column":5}},"64":{"start":{"line":104,"column":6},"end":{"line":104,"column":18}},"65":{"start":{"line":105,"column":6},"end":{"line":108,"column":7}},"66":{"start":{"line":106,"column":8},"end":{"line":106,"column":81}},"67":{"start":{"line":107,"column":8},"end":{"line":107,"column":19}},"68":{"start":{"line":109,"column":6},"end":{"line":109,"column":32}},"69":{"start":{"line":111,"column":6},"end":{"line":113,"column":7}},"70":{"start":{"line":112,"column":8},"end":{"line":112,"column":64}},"71":{"start":{"line":114,"column":6},"end":{"line":116,"column":7}},"72":{"start":{"line":115,"column":8},"end":{"line":115,"column":50}},"73":{"start":{"line":119,"column":4},"end":{"line":122,"column":6}},"74":{"start":{"line":126,"column":4},"end":{"line":126,"column":53}},"75":{"start":{"line":129,"column":4},"end":{"line":129,"column":25}},"76":{"start":{"line":132,"column":4},"end":{"line":132,"column":33}},"77":{"start":{"line":133,"column":4},"end":{"line":133,"column":37}},"78":{"start":{"line":135,"column":4},"end":{"line":135,"column":51}},"79":{"start":{"line":136,"column":4},"end":{"line":136,"column":17}},"80":{"start":{"line":140,"column":4},"end":{"line":157,"column":5}},"81":{"start":{"line":141,"column":6},"end":{"line":156,"column":7}},"82":{"start":{"line":142,"column":8},"end":{"line":142,"column":47}},"83":{"start":{"line":144,"column":8},"end":{"line":144,"column":22}},"84":{"start":{"line":145,"column":8},"end":{"line":153,"column":9}},"85":{"start":{"line":146,"column":10},"end":{"line":146,"column":40}},"86":{"start":{"line":149,"column":10},"end":{"line":149,"column":46}},"87":{"start":{"line":150,"column":10},"end":{"line":152,"column":11}},"88":{"start":{"line":151,"column":12},"end":{"line":151,"column":66}},"89":{"start":{"line":154,"column":8},"end":{"line":154,"column":41}},"90":{"start":{"line":155,"column":8},"end":{"line":155,"column":65}},"91":{"start":{"line":161,"column":4},"end":{"line":178,"column":5}},"92":{"start":{"line":162,"column":6},"end":{"line":162,"column":45}},"93":{"start":{"line":164,"column":6},"end":{"line":177,"column":7}},"94":{"start":{"line":165,"column":8},"end":{"line":165,"column":45}},"95":{"start":{"line":167,"column":8},"end":{"line":175,"column":9}},"96":{"start":{"line":168,"column":10},"end":{"line":168,"column":52}},"97":{"start":{"line":170,"column":10},"end":{"line":171,"column":46}},"98":{"start":{"line":173,"column":10},"end":{"line":173,"column":48}},"99":{"start":{"line":174,"column":10},"end":{"line":174,"column":49}},"100":{"start":{"line":176,"column":8},"end":{"line":176,"column":57}},"101":{"start":{"line":182,"column":4},"end":{"line":186,"column":5}},"102":{"start":{"line":183,"column":6},"end":{"line":183,"column":19}},"103":{"start":{"line":184,"column":6},"end":{"line":184,"column":21}},"104":{"start":{"line":185,"column":6},"end":{"line":185,"column":17}},"105":{"start":{"line":188,"column":4},"end":{"line":188,"column":30}},"106":{"start":{"line":189,"column":4},"end":{"line":197,"column":5}},"107":{"start":{"line":190,"column":6},"end":{"line":192,"column":7}},"108":{"start":{"line":191,"column":8},"end":{"line":191,"column":70}},"109":{"start":{"line":193,"column":6},"end":{"line":196,"column":15}},"110":{"start":{"line":194,"column":8},"end":{"line":194,"column":65}},"111":{"start":{"line":195,"column":8},"end":{"line":195,"column":60}},"112":{"start":{"line":199,"column":4},"end":{"line":207,"column":5}},"113":{"start":{"line":200,"column":6},"end":{"line":202,"column":7}},"114":{"start":{"line":201,"column":8},"end":{"line":201,"column":72}},"115":{"start":{"line":203,"column":6},"end":{"line":206,"column":15}},"116":{"start":{"line":204,"column":8},"end":{"line":204,"column":68}},"117":{"start":{"line":205,"column":8},"end":{"line":205,"column":61}},"118":{"start":{"line":208,"column":4},"end":{"line":208,"column":16}},"119":{"start":{"line":212,"column":4},"end":{"line":212,"column":33}},"120":{"start":{"line":215,"column":4},"end":{"line":215,"column":46}},"121":{"start":{"line":216,"column":4},"end":{"line":219,"column":20}},"122":{"start":{"line":222,"column":4},"end":{"line":222,"column":24}},"123":{"start":{"line":226,"column":4},"end":{"line":226,"column":16}},"124":{"start":{"line":227,"column":4},"end":{"line":269,"column":5}},"125":{"start":{"line":228,"column":6},"end":{"line":228,"column":48}},"126":{"start":{"line":229,"column":6},"end":{"line":229,"column":34}},"127":{"start":{"line":231,"column":6},"end":{"line":231,"column":27}},"128":{"start":{"line":232,"column":6},"end":{"line":239,"column":7}},"129":{"start":{"line":233,"column":8},"end":{"line":233,"column":55}},"130":{"start":{"line":234,"column":8},"end":{"line":234,"column":29}},"131":{"start":{"line":237,"column":8},"end":{"line":237,"column":49}},"132":{"start":{"line":238,"column":8},"end":{"line":238,"column":51}},"133":{"start":{"line":241,"column":6},"end":{"line":248,"column":7}},"134":{"start":{"line":242,"column":8},"end":{"line":242,"column":31}},"135":{"start":{"line":243,"column":8},"end":{"line":246,"column":10}},"136":{"start":{"line":247,"column":8},"end":{"line":247,"column":34}},"137":{"start":{"line":250,"column":6},"end":{"line":263,"column":7}},"138":{"start":{"line":251,"column":8},"end":{"line":262,"column":9}},"139":{"start":{"line":252,"column":10},"end":{"line":252,"column":20}},"140":{"start":{"line":254,"column":13},"end":{"line":262,"column":9}},"141":{"start":{"line":255,"column":10},"end":{"line":255,"column":20}},"142":{"start":{"line":257,"column":13},"end":{"line":262,"column":9}},"143":{"start":{"line":258,"column":10},"end":{"line":258,"column":21}},"144":{"start":{"line":260,"column":13},"end":{"line":262,"column":9}},"145":{"start":{"line":261,"column":10},"end":{"line":261,"column":21}},"146":{"start":{"line":265,"column":6},"end":{"line":267,"column":9}},"147":{"start":{"line":266,"column":8},"end":{"line":266,"column":33}},"148":{"start":{"line":268,"column":6},"end":{"line":268,"column":25}},"149":{"start":{"line":270,"column":4},"end":{"line":270,"column":34}},"150":{"start":{"line":272,"column":4},"end":{"line":275,"column":6}},"151":{"start":{"line":277,"column":4},"end":{"line":288,"column":5}},"152":{"start":{"line":278,"column":6},"end":{"line":287,"column":8}},"153":{"start":{"line":289,"column":4},"end":{"line":289,"column":17}},"154":{"start":{"line":304,"column":4},"end":{"line":304,"column":20}},"155":{"start":{"line":305,"column":4},"end":{"line":336,"column":5}},"156":{"start":{"line":306,"column":6},"end":{"line":306,"column":25}},"157":{"start":{"line":308,"column":6},"end":{"line":308,"column":16}},"158":{"start":{"line":310,"column":6},"end":{"line":318,"column":7}},"159":{"start":{"line":311,"column":8},"end":{"line":311,"column":43}},"160":{"start":{"line":313,"column":11},"end":{"line":318,"column":7}},"161":{"start":{"line":314,"column":8},"end":{"line":314,"column":44}},"162":{"start":{"line":317,"column":8},"end":{"line":317,"column":46}},"163":{"start":{"line":320,"column":6},"end":{"line":335,"column":7}},"164":{"start":{"line":321,"column":8},"end":{"line":321,"column":28}},"165":{"start":{"line":322,"column":8},"end":{"line":322,"column":33}},"166":{"start":{"line":324,"column":8},"end":{"line":334,"column":9}},"167":{"start":{"line":325,"column":10},"end":{"line":325,"column":59}},"168":{"start":{"line":326,"column":10},"end":{"line":326,"column":43}},"169":{"start":{"line":327,"column":10},"end":{"line":333,"column":11}},"170":{"start":{"line":328,"column":12},"end":{"line":328,"column":26}},"171":{"start":{"line":329,"column":12},"end":{"line":331,"column":13}},"172":{"start":{"line":330,"column":14},"end":{"line":330,"column":42}},"173":{"start":{"line":332,"column":12},"end":{"line":332,"column":75}},"174":{"start":{"line":337,"column":4},"end":{"line":337,"column":96}},"175":{"start":{"line":341,"column":4},"end":{"line":341,"column":34}},"176":{"start":{"line":342,"column":4},"end":{"line":342,"column":32}},"177":{"start":{"line":344,"column":4},"end":{"line":344,"column":33}},"178":{"start":{"line":345,"column":4},"end":{"line":345,"column":35}},"179":{"start":{"line":346,"column":4},"end":{"line":346,"column":34}},"180":{"start":{"line":347,"column":4},"end":{"line":347,"column":35}},"181":{"start":{"line":349,"column":4},"end":{"line":369,"column":5}},"182":{"start":{"line":350,"column":6},"end":{"line":350,"column":33}},"183":{"start":{"line":351,"column":6},"end":{"line":356,"column":7}},"184":{"start":{"line":352,"column":8},"end":{"line":352,"column":56}},"185":{"start":{"line":354,"column":11},"end":{"line":356,"column":7}},"186":{"start":{"line":355,"column":8},"end":{"line":355,"column":57}},"187":{"start":{"line":358,"column":6},"end":{"line":358,"column":34}},"188":{"start":{"line":359,"column":6},"end":{"line":359,"column":35}},"189":{"start":{"line":360,"column":6},"end":{"line":360,"column":27}},"190":{"start":{"line":361,"column":6},"end":{"line":361,"column":26}},"191":{"start":{"line":362,"column":6},"end":{"line":362,"column":27}},"192":{"start":{"line":364,"column":6},"end":{"line":368,"column":7}},"193":{"start":{"line":365,"column":8},"end":{"line":365,"column":28}},"194":{"start":{"line":366,"column":8},"end":{"line":366,"column":45}},"195":{"start":{"line":367,"column":8},"end":{"line":367,"column":62}},"196":{"start":{"line":370,"column":4},"end":{"line":370,"column":16}},"197":{"start":{"line":374,"column":4},"end":{"line":374,"column":29}},"198":{"start":{"line":376,"column":4},"end":{"line":393,"column":19}},"199":{"start":{"line":400,"column":4},"end":{"line":400,"column":22}},"200":{"start":{"line":401,"column":4},"end":{"line":401,"column":30}},"201":{"start":{"line":402,"column":4},"end":{"line":402,"column":45}},"202":{"start":{"line":403,"column":4},"end":{"line":403,"column":28}},"203":{"start":{"line":407,"column":0},"end":{"line":409,"column":1}},"204":{"start":{"line":408,"column":2},"end":{"line":408,"column":35}},"205":{"start":{"line":411,"column":0},"end":{"line":417,"column":1}},"206":{"start":{"line":412,"column":2},"end":{"line":412,"column":30}},"207":{"start":{"line":413,"column":2},"end":{"line":415,"column":3}},"208":{"start":{"line":414,"column":4},"end":{"line":414,"column":17}},"209":{"start":{"line":416,"column":2},"end":{"line":416,"column":15}},"210":{"start":{"line":419,"column":0},"end":{"line":425,"column":1}},"211":{"start":{"line":420,"column":2},"end":{"line":420,"column":30}},"212":{"start":{"line":421,"column":2},"end":{"line":423,"column":3}},"213":{"start":{"line":422,"column":4},"end":{"line":422,"column":30}},"214":{"start":{"line":424,"column":2},"end":{"line":424,"column":15}},"215":{"start":{"line":427,"column":0},"end":{"line":434,"column":1}},"216":{"start":{"line":429,"column":2},"end":{"line":429,"column":14}},"217":{"start":{"line":430,"column":2},"end":{"line":432,"column":3}},"218":{"start":{"line":431,"column":4},"end":{"line":431,"column":34}},"219":{"start":{"line":433,"column":2},"end":{"line":433,"column":29}},"220":{"start":{"line":436,"column":0},"end":{"line":436,"column":38}},"221":{"start":{"line":438,"column":0},"end":{"line":473,"column":1}},"222":{"start":{"line":439,"column":2},"end":{"line":441,"column":5}},"223":{"start":{"line":443,"column":2},"end":{"line":443,"column":20}},"224":{"start":{"line":446,"column":2},"end":{"line":448,"column":3}},"225":{"start":{"line":447,"column":4},"end":{"line":447,"column":51}},"226":{"start":{"line":450,"column":2},"end":{"line":450,"column":42}},"227":{"start":{"line":451,"column":2},"end":{"line":451,"column":36}},"228":{"start":{"line":453,"column":2},"end":{"line":453,"column":22}},"229":{"start":{"line":454,"column":2},"end":{"line":454,"column":23}},"230":{"start":{"line":455,"column":2},"end":{"line":455,"column":13}},"231":{"start":{"line":456,"column":2},"end":{"line":456,"column":45}},"232":{"start":{"line":457,"column":2},"end":{"line":457,"column":47}},"233":{"start":{"line":458,"column":2},"end":{"line":458,"column":31}},"234":{"start":{"line":459,"column":2},"end":{"line":459,"column":40}},"235":{"start":{"line":460,"column":2},"end":{"line":460,"column":32}},"236":{"start":{"line":461,"column":2},"end":{"line":461,"column":50}},"237":{"start":{"line":462,"column":2},"end":{"line":462,"column":42}},"238":{"start":{"line":463,"column":2},"end":{"line":463,"column":56}},"239":{"start":{"line":465,"column":2},"end":{"line":465,"column":16}},"240":{"start":{"line":466,"column":2},"end":{"line":466,"column":17}},"241":{"start":{"line":468,"column":2},"end":{"line":468,"column":15}},"242":{"start":{"line":470,"column":2},"end":{"line":470,"column":48}},"243":{"start":{"line":472,"column":2},"end":{"line":472,"column":14}},"244":{"start":{"line":475,"column":0},"end":{"line":475,"column":32}},"245":{"start":{"line":481,"column":0},"end":{"line":502,"column":1}},"246":{"start":{"line":482,"column":2},"end":{"line":485,"column":3}},"247":{"start":{"line":483,"column":4},"end":{"line":483,"column":24}},"248":{"start":{"line":484,"column":4},"end":{"line":484,"column":18}},"249":{"start":{"line":487,"column":2},"end":{"line":493,"column":3}},"250":{"start":{"line":488,"column":4},"end":{"line":488,"column":16}},"251":{"start":{"line":489,"column":4},"end":{"line":489,"column":66}},"252":{"start":{"line":490,"column":4},"end":{"line":490,"column":69}},"253":{"start":{"line":491,"column":4},"end":{"line":491,"column":47}},"254":{"start":{"line":492,"column":4},"end":{"line":492,"column":18}},"255":{"start":{"line":495,"column":2},"end":{"line":495,"column":15}},"256":{"start":{"line":497,"column":2},"end":{"line":497,"column":50}},"257":{"start":{"line":498,"column":2},"end":{"line":498,"column":27}},"258":{"start":{"line":501,"column":2},"end":{"line":501,"column":9}},"259":{"start":{"line":504,"column":0},"end":{"line":507,"column":1}},"260":{"start":{"line":505,"column":2},"end":{"line":505,"column":71}},"261":{"start":{"line":506,"column":2},"end":{"line":506,"column":18}},"262":{"start":{"line":509,"column":0},"end":{"line":568,"column":1}},"263":{"start":{"line":510,"column":2},"end":{"line":512,"column":3}},"264":{"start":{"line":511,"column":4},"end":{"line":511,"column":78}},"265":{"start":{"line":514,"column":2},"end":{"line":535,"column":3}},"266":{"start":{"line":516,"column":4},"end":{"line":516,"column":76}},"267":{"start":{"line":517,"column":4},"end":{"line":517,"column":78}},"268":{"start":{"line":519,"column":4},"end":{"line":519,"column":62}},"269":{"start":{"line":520,"column":4},"end":{"line":520,"column":41}},"270":{"start":{"line":521,"column":4},"end":{"line":521,"column":43}},"271":{"start":{"line":523,"column":4},"end":{"line":523,"column":39}},"272":{"start":{"line":524,"column":4},"end":{"line":526,"column":5}},"273":{"start":{"line":525,"column":6},"end":{"line":525,"column":61}},"274":{"start":{"line":527,"column":4},"end":{"line":527,"column":66}},"275":{"start":{"line":528,"column":4},"end":{"line":528,"column":37}},"276":{"start":{"line":529,"column":4},"end":{"line":529,"column":41}},"277":{"start":{"line":531,"column":4},"end":{"line":533,"column":5}},"278":{"start":{"line":532,"column":6},"end":{"line":532,"column":27}},"279":{"start":{"line":534,"column":4},"end":{"line":534,"column":11}},"280":{"start":{"line":537,"column":2},"end":{"line":537,"column":35}},"281":{"start":{"line":539,"column":2},"end":{"line":541,"column":3}},"282":{"start":{"line":540,"column":4},"end":{"line":540,"column":65}},"283":{"start":{"line":542,"column":2},"end":{"line":547,"column":3}},"284":{"start":{"line":543,"column":4},"end":{"line":546,"column":7}},"285":{"start":{"line":549,"column":2},"end":{"line":549,"column":15}},"286":{"start":{"line":550,"column":2},"end":{"line":550,"column":17}},"287":{"start":{"line":552,"column":2},"end":{"line":552,"column":11}},"288":{"start":{"line":555,"column":2},"end":{"line":567,"column":3}},"289":{"start":{"line":556,"column":4},"end":{"line":558,"column":5}},"290":{"start":{"line":557,"column":6},"end":{"line":557,"column":34}},"291":{"start":{"line":561,"column":4},"end":{"line":566,"column":5}},"292":{"start":{"line":562,"column":6},"end":{"line":565,"column":9}}},"branchMap":{"1":{"line":7,"type":"binary-expr","locations":[{"start":{"line":7,"column":12},"end":{"line":7,"column":19}},{"start":{"line":7,"column":23},"end":{"line":7,"column":25}}]},"2":{"line":8,"type":"binary-expr","locations":[{"start":{"line":8,"column":22},"end":{"line":8,"column":42}},{"start":{"line":8,"column":46},"end":{"line":8,"column":49}}]},"3":{"line":9,"type":"binary-expr","locations":[{"start":{"line":9,"column":18},"end":{"line":9,"column":34}},{"start":{"line":9,"column":38},"end":{"line":9,"column":41}}]},"4":{"line":12,"type":"binary-expr","locations":[{"start":{"line":12,"column":22},"end":{"line":12,"column":42}},{"start":{"line":12,"column":46},"end":{"line":12,"column":49}}]},"5":{"line":35,"type":"if","locations":[{"start":{"line":35,"column":6},"end":{"line":35,"column":6}},{"start":{"line":35,"column":6},"end":{"line":35,"column":6}}]},"6":{"line":50,"type":"if","locations":[{"start":{"line":50,"column":4},"end":{"line":50,"column":4}},{"start":{"line":50,"column":4},"end":{"line":50,"column":4}}]},"7":{"line":56,"type":"if","locations":[{"start":{"line":56,"column":4},"end":{"line":56,"column":4}},{"start":{"line":56,"column":4},"end":{"line":56,"column":4}}]},"8":{"line":83,"type":"binary-expr","locations":[{"start":{"line":83,"column":14},"end":{"line":83,"column":21}},{"start":{"line":83,"column":25},"end":{"line":83,"column":27}}]},"9":{"line":84,"type":"binary-expr","locations":[{"start":{"line":84,"column":21},"end":{"line":84,"column":39}},{"start":{"line":84,"column":43},"end":{"line":84,"column":48}}]},"10":{"line":85,"type":"binary-expr","locations":[{"start":{"line":85,"column":22},"end":{"line":85,"column":41}},{"start":{"line":85,"column":45},"end":{"line":85,"column":50}}]},"11":{"line":86,"type":"binary-expr","locations":[{"start":{"line":86,"column":14},"end":{"line":86,"column":25}},{"start":{"line":86,"column":29},"end":{"line":86,"column":34}}]},"12":{"line":87,"type":"binary-expr","locations":[{"start":{"line":87,"column":20},"end":{"line":87,"column":37}},{"start":{"line":87,"column":41},"end":{"line":87,"column":43}}]},"13":{"line":88,"type":"binary-expr","locations":[{"start":{"line":88,"column":23},"end":{"line":88,"column":43}},{"start":{"line":88,"column":47},"end":{"line":88,"column":64}},{"start":{"line":88,"column":68},"end":{"line":88,"column":71}}]},"14":{"line":90,"type":"binary-expr","locations":[{"start":{"line":90,"column":25},"end":{"line":90,"column":47}},{"start":{"line":90,"column":51},"end":{"line":90,"column":53}}]},"15":{"line":96,"type":"if","locations":[{"start":{"line":96,"column":4},"end":{"line":96,"column":4}},{"start":{"line":96,"column":4},"end":{"line":96,"column":4}}]},"16":{"line":103,"type":"binary-expr","locations":[{"start":{"line":103,"column":20},"end":{"line":103,"column":34}},{"star
[...]
isObject(obj)) return obj;","    return _.isArray(obj) ? obj.slice() : _.extend({}, obj);","  };","","  // Invokes interceptor with the obj, and then returns obj.","  // The primary purpose of this method is to \"tap into\" a method chain, in","  // order to perform operations on intermediate results within the chain.","  _.tap = function(obj, interceptor) {","    interceptor(obj);","    return obj;","  };","","  // Internal recursive comparison function.","  function eq(a, b, stack) {","    // Identical objects are equal. `0 === -0`, but they aren't identical.","    // See the Harmony `egal` proposal: http://wiki.ecmascript.org/doku.php?id=harmony:egal.","    if (a === b) return a !== 0 || 1 / a == 1 / b;","    // A strict comparison is necessary because `null == undefined`.","    if (a == null || b == null) return a === b;","    // Unwrap any wrapped objects.","    if (a._chain) a = a._wrapped;","    if (b._chain) b = b._wrapped;","    // Invoke a custom `isEqual` method if one is provided.","    if (a.isEqual && _.isFunction(a.isEqual)) return a.isEqual(b);","    if (b.isEqual && _.isFunction(b.isEqual)) return b.isEqual(a);","    // Compare `[[Class]]` names.","    var className = toString.call(a);","    if (className != toString.call(b)) return false;","    switch (className) {","      // Strings, numbers, dates, and booleans are compared by value.","      case '[object String]':","        // Primitives and their corresponding object wrappers are equivalent; thus, `\"5\"` is","        // equivalent to `new String(\"5\")`.","        return a == String(b);","      case '[object Number]':","        // `NaN`s are equivalent, but non-reflexive. An `egal` comparison is performed for","        // other numeric values.","        return a != +a ? b != +b : (a == 0 ? 1 / a == 1 / b : a == +b);","      case '[object Date]':","      case '[object Boolean]':","        // Coerce dates and booleans to numeric primitive values. Dates are compared by their","        // millisecond representations. Note that invalid dates with millisecond representations","        // of `NaN` are not equivalent.","        return +a == +b;","      // RegExps are compared by their source patterns and flags.","      case '[object RegExp]':","        return a.source == b.source &&","               a.global == b.global &&","               a.multiline == b.multiline &&","               a.ignoreCase == b.ignoreCase;","    }","    if (typeof a != 'object' || typeof b != 'object') return false;","    // Assume equality for cyclic structures. The algorithm for detecting cyclic","    // structures is adapted from ES 5.1 section 15.12.3, abstract operation `JO`.","    var length = stack.length;","    while (length--) {","      // Linear search. Performance is inversely proportional to the number of","      // unique nested structures.","      if (stack[length] == a) return true;","    }","    // Add the first object to the stack of traversed objects.","    stack.push(a);","    var size = 0, result = true;","    // Recursively compare objects and arrays.","    if (className == '[object Array]') {","      // Compare array lengths to determine if a deep comparison is necessary.","      size = a.length;","      result = size == b.length;","      if (result) {","        // Deep compare the contents, ignoring non-numeric properties.","        while (size--) {","          // Ensure commutative equality for sparse arrays.","          if (!(result = size in a == size in b && eq(a[size], b[size], stack))) break;","        }","      }","    } else {","      // Objects with different constructors are not equivalent.","      if ('constructor' in a != 'constructor' in b || a.constructor != b.constructor) return false;","      // Deep compare objects.","      for (var key in a) {","        if (_.has(a, key)) {","          // Count the expected number of properties.","          size++;","          // Deep compare each member.","          if (!(result = _.has(b, key) && eq(a[key], b[key], stack))) break;","        }","      }","      // Ensure that both objects contain the same number of properties.","      if (result) {","        for (key in b) {","          if (_.has(b, key) && !(size--)) break;","        }","        result = !size;","      }","    }","    // Remove the first object from the stack of traversed objects.","    stack.pop();","    return result;","  }","","  // Perform a deep comparison to check if two objects are equal.","  _.isEqual = function(a, b) {","    return eq(a, b, []);","  };","","  // Is a given array, string, or object empty?","  // An \"empty\" object has no enumerable own-properties.","  _.isEmpty = function(obj) {","    if (obj == null) return true;","    if (_.isArray(obj) || _.isString(obj)) return obj.length === 0;","    for (var key in obj) if (_.has(obj, key)) return false;","    return true;","  };","","  // Is a given value a DOM element?","  _.isElement = function(obj) {","    return !!(obj && obj.nodeType == 1);","  };","","  // Is a given value an array?","  // Delegates to ECMA5's native Array.isArray","  _.isArray = nativeIsArray || function(obj) {","    return toString.call(obj) == '[object Array]';","  };","","  // Is a given variable an object?","  _.isObject = function(obj) {","    return obj === Object(obj);","  };","","  // Is a given variable an arguments object?","  _.isArguments = function(obj) {","    return toString.call(obj) == '[object Arguments]';","  };","  if (!_.isArguments(arguments)) {","    _.isArguments = function(obj) {","      return !!(obj && _.has(obj, 'callee'));","    };","  }","","  // Is a given value a function?","  _.isFunction = function(obj) {","    return toString.call(obj) == '[object Function]';","  };","","  // Is a given value a string?","  _.isString = function(obj) {","    return toString.call(obj) == '[object String]';","  };","","  // Is a given value a number?","  _.isNumber = function(obj) {","    return toString.call(obj) == '[object Number]';","  };","","  // Is a given object a finite number?","  _.isFinite = function(obj) {","    return _.isNumber(obj) && isFinite(obj);","  };","","  // Is the given value `NaN`?","  _.isNaN = function(obj) {","    // `NaN` is the only value for which `===` is not reflexive.","    return obj !== obj;","  };","","  // Is a given value a boolean?","  _.isBoolean = function(obj) {","    return obj === true || obj === false || toString.call(obj) == '[object Boolean]';","  };","","  // Is a given value a date?","  _.isDate = function(obj) {","    return toString.call(obj) == '[object Date]';","  };","","  // Is the given value a regular expression?","  _.isRegExp = function(obj) {","    return toString.call(obj) == '[object RegExp]';","  };","","  // Is a given value equal to null?","  _.isNull = function(obj) {","    return obj === null;","  };","","  // Is a given variable undefined?","  _.isUndefined = function(obj) {","    return obj === void 0;","  };","","  // Has own property?","  _.has = function(obj, key) {","    return hasOwnProperty.call(obj, key);","  };","","  // Utility Functions","  // -----------------","","  // Run Underscore.js in *noConflict* mode, returning the `_` variable to its","  // previous owner. Returns a reference to the Underscore object.","  _.noConflict = function() {","    root._ = previousUnderscore;","    return this;","  };","","  // Keep the identity function around for default iterators.","  _.identity = function(value) {","    return value;","  };","","  // Run a function **n** times.","  _.times = function (n, iterator, context) {","    for (var i = 0; i < n; i++) iterator.call(context, i);","  };","","  // Escape a string for HTML interpolation.","  _.escape = function(string) {","    return (''+string).replace(/&/g, '&amp;').replace(/</g, '&lt;').replace(/>/g, '&gt;').replace(/\"/g, '&quot;').replace(/'/g, '&#x27;').replace(/\\//g,'&#x2F;');","  };","","  // If the value of the named property is a function then invoke it;","  // otherwise, return it.","  _.result = function(object, property) {","    if (object == null) return null;","    var value = object[property];","    return _.isFunction(value) ? value.call(object) : value;","  };","","  // Add your own custom functions to the Underscore object, ensuring that","  // they're correctly added to the OOP wrapper as well.","  _.mixin = function(obj) {","    each(_.functions(obj), function(name){","      addToWrapper(name, _[name] = obj[name]);","    });","  };","","  // Generate a unique integer id (unique within the entire client session).","  // Useful for temporary DOM ids.","  var idCounter = 0;","  _.uniqueId = function(prefix) {","    var id = idCounter++;","    return prefix ? prefix + id : id;","  };","","  // By default, Underscore uses ERB-style template delimiters, change the","  // following template settings to use alternative delimiters.","  _.templateSettings = {","    evaluate    : /<%([\\s\\S]+?)%>/g,","    interpolate : /<%=([\\s\\S]+?)%>/g,","    escape      : /<%-([\\s\\S]+?)%>/g","  };","","  // When customizing `templateSettings`, if you don't want to define an","  // interpolation, evaluation or escaping regex, we need one that is","  // guaranteed not to match.","  var noMatch = /.^/;","","  // Certain characters need to be escaped so that they can be put into a","  // string literal.","  var escapes = {","    '\\\\': '\\\\',","    \"'\": \"'\",","    'r': '\\r',","    'n': '\\n',","    't': '\\t',","    'u2028': '\\u2028',","    'u2029': '\\u2029'","  };","","  for (var p in escapes) escapes[escapes[p]] = p;","  var escaper = /\\\\|'|\\r|\\n|\\t|\\u2028|\\u2029/g;","  var unescaper = /\\\\(\\\\|'|r|n|t|u2028|u2029)/g;","","  // Within an interpolation, evaluation, or escaping, remove HTML escaping","  // that had been previously added.","  var unescape = function(code) {","    return code.replace(unescaper, function(match, escape) {","      return escapes[escape];","    });","  };","","  // JavaScript micro-templating, similar to John Resig's implementation.","  // Underscore templating handles arbitrary delimiters, preserves whitespace,","  // and correctly escapes quotes within interpolated code.","  _.template = function(text, data, settings) {","    settings = _.defaults(settings || {}, _.templateSettings);","","    // Compile the template source, taking care to escape characters that","    // cannot be included in a string literal and then unescape them in code","    // blocks.","    var source = \"__p+='\" + text","      .replace(escaper, function(match) {","        return '\\\\' + escapes[match];","      })","      .replace(settings.escape || noMatch, function(match, code) {","        return \"'+\\n_.escape(\" + unescape(code) + \")+\\n'\";","      })","      .replace(settings.interpolate || noMatch, function(match, code) {","        return \"'+\\n(\" + unescape(code) + \")+\\n'\";","      })","      .replace(settings.evaluate || noMatch, function(match, code) {","        return \"';\\n\" + unescape(code) + \"\\n;__p+='\";","      }) + \"';\\n\";","","    // If a variable is not specified, place data values in local scope.","    if (!settings.variable) source = 'with(obj||{}){\\n' + source + '}\\n';","","    source = \"var __p='';\" +","      \"var print=function(){__p+=Array.prototype.join.call(arguments, '')};\\n\" +","      source + \"return __p;\\n\";","","    var render = new Function(settings.variable || 'obj', '_', source);","    if (data) return render(data, _);","    var template = function(data) {","      return render.call(this, data, _);","    };","","    // Provide the compiled function source as a convenience for build time","    // precompilation.","    template.source = 'function(' + (settings.variable || 'obj') + '){\\n' +","      source + '}';","","    return template;","  };","","  // Add a \"chain\" function, which will delegate to the wrapper.","  _.chain = function(obj) {","    return _(obj).chain();","  };","","  // The OOP Wrapper","  // ---------------","","  // If Underscore is called as a function, it returns a wrapped object that","  // can be used OO-style. This wrapper holds altered versions of all the","  // underscore functions. Wrapped objects may be chained.","  var wrapper = function(obj) { this._wrapped = obj; };","","  // Expose `wrapper.prototype` as `_.prototype`","  _.prototype = wrapper.prototype;","","  // Helper function to continue chaining intermediate results.","  var result = function(obj, chain) {","    return chain ? _(obj).chain() : obj;","  };","","  // A method to easily add functions to the OOP wrapper.","  var addToWrapper = function(name, func) {","    wrapper.prototype[name] = function() {","      var args = slice.call(arguments);","      unshift.call(args, this._wrapped);","      return result(func.apply(_, args), this._chain);","    };","  };","","  // Add all of the Underscore functions to the wrapper object.","  _.mixin(_);","","  // Add all mutator Array functions to the wrapper.","  each(['pop', 'push', 'reverse', 'shift', 'sort', 'splice', 'unshift'], function(name) {","    var method = ArrayProto[name];","    wrapper.prototype[name] = function() {","      var wrapped = this._wrapped;","      method.apply(wrapped, arguments);","      var length = wrapped.length;","      if ((name == 'shift' || name == 'splice') && length === 0) delete wrapped[0];","      return result(wrapped, this._chain);","    };","  });","","  // Add all accessor Array functions to the wrapper.","  each(['concat', 'join', 'slice'], function(name) {","    var method = ArrayProto[name];","    wrapper.prototype[name] = function() {","      return result(method.apply(this._wrapped, arguments), this._chain);","    };","  });","","  // Start chaining a wrapped Underscore object.","  wrapper.prototype.chain = function() {","    this._chain = true;","    return this;","  };","","  // Extracts the result from a wrapped and chained object.","  wrapper.prototype.value = function() {","    return this._wrapped;","  };","","}).call(this);","","});brain = require('neuralnetwork.js');","})();",""],"l":{"1":4,"2":1,"5":1,"6":0,"7":0,"8":0,"9":0,"12":1,"14":0,"15":0,"17":0,"18":0,"19":0,"22":0,"23":0,"24":0,"26":0,"27":0,"28":0,"29":0,"30":0,"32":0,"33":0,"34":0,"35":0,"37":0,"38":0,"39":0,"40":0,"47":0,"48":0,"51":0,"53":0,"54":0,"56":0,"60":0,"62":0,"63":0,"64":0,"66":0,"67":0,"68":0,"70":0,"72":0,"74":0,"78":0,"80":0,"81":0,"82":0,"83":0,"84":0,"85":0,"86":0,"88":0,"89":0,"91":0,"92":0,"93":0,"95":0,"96":0,"98":0,"99":0,"100":0,"101":0,"102":0,"103":0,"105":0,"107":0,"108":0,"110":0,"111":0,"115":0,"123":0,"126":0,"127":0,"129":0,"130":0,"134":0,"135":0,"136":0,"138":0,"139":0,"140":0,"143":0,"144":0,"145":0,"148":0,"149":0,"155":0,"156":0,"158":0,"159":0,"161":0,"162":0,"164":0,"167":0,"168":0,"170":0,"177":0,"178":0,"179":0,"181":0,"182":0,"183":0,"187":0,"188":0,"189":0,"191":0,"192":0,"193":0,"196":0,"200":0,"201":0,"204":0,"205":0,"211":0,"215":0,"216":0,"217":0,"218":0,"220":0,"221":0,"222":0,"223":0,"226":0,"227":0,"230":0,"231":0,"232":0,"236":0,"239":0,"240":0,"241":0,"243":0,"244":0,"246":0,"247":0,"249":0,"250":0,"254":0,"255":0,"257":0,"259":0,"261":0,"266":0,"267":0,"278":0,"293":0,"294":0,"295":0,"297":0,"299":0,"300":0,"302":0,"303":0,"306":0,"309":0,"310":0,"311":0,"313":0,"314":0,"315":0,"316":0,"317":0,"318":0,"319":0,"321":0,"326":0,"330":0,"331":0,"333":0,"334":0,"335":0,"336":0,"338":0,"339":0,"340":0,"341":0,"343":0,"344":0,"347":0,"348":0,"349":0,"350":0,"351":0,"353":0,"354":0,"355":0,"356":0,"359":0,"363":0,"365":0,"383":1,"384":0,"387":1,"388":0,"389":0,"390":0,"392":0,"395":1,"396":0,"397":0,"398":0,"400":0,"403":1,"405":0,"406":0,"407":0,"409":0,"412":1,"414":1,"415":1,"419":1,"421":0,"422":0,"424":0,"427":1,"429":0,"430":0,"431":0,"432":0,"434":0,"437":1,"439":0,"440":0,"441":0,"443":0,"446":1,"448":0,"449":0,"450":0,"452":0,"455":1,"461":1,"470":1,"476":1,"479":1,"482":1,"485":1,"488":1,"495":1,"510":1,"516":1,"517":1,"518":1,"520":1,"522":0,"526":1,"534":1,"535":3,"536":3,"537":3,"538":0,"539":0,"540":0,"543":0,"544":0,"545":0,"553":1,"554":0,"555":0,"556":0,"557":0,"558":0,"560":0,"561":0,"566":1,"567":0,"568":0,"569":0,"570":0,"571":0,"573":0,"574":0,"575":0,"576":0,"578":0,"581":0,"582":0,"587":1,"588":0,"589":0,"590":0,"591":0,"592":0,"594":0,"595":0,"596":0,"600":1,"601":0,"602":0,"603":0,"604":0,"605":0,"608":0,"614":1,"615":0,"616":0,"617":0,"618":0,"619":0,"621":0,"625":1,"626":0,"627":0,"628":0,"629":0,"631":0,"637":1,"638":0,"639":0,"640":0,"641":0,"642":0,"644":0,"650":1,"651":0,"652":0,"653":0,"654":0,"655":0,"656":0,"658":0,"663":1,"664":0,"665":0,"666":0,"667":0,"668":0,"670":0,"674":1,"675":0,"676":0,"677":0,"682":1,"683":0,"687":1,"688":0,"689":0,"690":0,"691":0,"692":0,"693":0,"695":0,"699":1,"700":0,"701":0,"702":0,"703":0,"704":0,"705":0,"707":0,"711":1,"712":0,"713":0,"714":0,"715":0,"716":0,"718":0,"722":1,"723":0,"724":0,"725":0,"730":0,"731":0,"732":0,"733":0,"739":1,"740":0,"741":0,"742":0,"743":0,"744":0,"746":0,"751":1,"752":0,"753":0,"754":0,"755":0,"756":0,"758":0,"762":1,"763":0,"764":0,"765":0,"766":0,"767":0,"771":1,"772":0,"781":1,"782":0,"789":1,"790":0,"795":1,"796":0,"797":0,"799":0,"807":1,"808":0,"812":1,"813":0,"817":1,"818":0,"819":0,"820":0,"821":0,"826":1,"827":0,"833":1,"834":0,"835":0,"837":0,"838":0,"839":0,"840":0,"841":0,"843":0,"845":0,"850":1,"851":0,"856":1,"857":0,"858":0,"859":0,"860":0,"867":1,"868":0,"869":0,"874":1,"875":0,"876":0,"877":0,"878":0,"879":0,"888":1,"889":0,"890":0,"891":0,"892":0,"893":0,"895":0,"896":0,"897":0,"901":1,"902":0,"903":0,"904":0,"905":0,"906":0,"912":1,"913":0,"914":0,"915":0,"917":0,"919":0,"920":0,"921":0,"923":0,"924":0,"925":0,"928":0,"935":1,"941":1,"942":0,"943":0,"944":0,"945":0,"946":0,"947":0,"948":0,"949":0,"950":0,"951":0,"952":0,"958":1,"959":0,"960":0,"961":0,"962":0,"966":1,"967":0,"968":0,"969":0,"970":0,"971":0,"977":1,"978":0,"979":0,"984":1,"985":0,"990":1,"991":0,"992":0,"993":0,"994":0,"995":0,"996":0,"997":0,"998":0,"1000":0,"1001":0,"1002":0,"1004":0,"1006":0,"1007":0,"1008":0,"1016":1,"1017":0,"1018":0,"1019":0,"1020":0,"1021":0,"1022":0,"1024":0,"1025":0,"1026":0,"1032":1,"1033":0,"1034":0,"1035":0,"1036":0,"1037":0,"1044":1,"1045":0,"1046":0,"1047":0,"1053":1,"1054":0,"1055":0,"1056":0,"1057":0,"1058":0,"1060":0,"1065":1,"1066":0,"1067":0,"1068":0,"1077":1,"1078":0,"1079":0,"1080":0,"1081":0,"1085":1,"1086":0,"1091":1,"1092":1,"1093":1,"1094":99,"1096":1,"1100":1,"1101":0,"1102":0,"1103":0,"1106":0,"1110":1,"1111":0,"1112":0,"1113":0,"1115":0,"1119":1,"1120":0,"1121":0,"1122":0,"1125":0,"1129":1,"1130":0,"1131":0,"1137":1,"1138":0,"1139":0,"1143":1,"1146":0,"1148":0,"1150":0,"1151":0,"1153":0,"1154":0,"1156":0,"1157":0,"1158":0,"1163":0,"1167":0,"1173":0,"1176":0,"1181":0,"1184":0,"1185":0,"1188":0,"1191":0,"1192":0,"1194":0,"1196":0,"1197":0,"1198":0,"1200":0,"1202":0,"1207":0,"1209":0,"1210":0,"1212":0,"1214":0,"1218":0,"1219":0,"1220":0,"1222":0,"1226":0,"1227":0,"1231":1,"1232":0,"1237":1,"1238":0,"1239":0,"1240":0,"1241":0,"1245":1,"1246":0,"1251":1,"1252":0,"1256":1,"1257":0,"1261":1,"1262":1,"1264":1,"1265":0,"1266":0,"1271":1,"1272":99,"1276":1,"1277":0,"1281":1,"1282":0,"1286":1,"1287":0,"1291":1,"1293":0,"1297":1,"1298":0,"1302":1,"1303":0,"1307":1,"1308":0,"1312":1,"1313":0,"1317":1,"1318":0,"1322":1,"1323":0,"1331":1,"1332":0,"1333":0,"1337":1,"1338":0,"1342":1,"1343":0,"1347":1,"1348":0,"1353":1,"1354":0,"1355":0,"1356":0,"1361":1,"1362":1,"1363":97,"1369":1,"1370":1,"1371":0,"1372":0,"1377":1,"1386":1,"1390":1,"1400":7,"1401":1,"1402":1,"1406":1,"1407":0,"1408":0,"1415":1,"1416":0,"1421":0,"1423":0,"1426":0,"1429":0,"1432":0,"1436":0,"1438":0,"1442":0,"1443":0,"1444":0,"1445":0,"1450":0,"1453":0,"1457":1,"1458":0,"1467":1,"1470":1,"1473":1,"1474":0,"1478":1,"1479":97,"1480":0,"1481":0,"1482":0,"1487":1,"1490":1,"1491":7,"1492":7,"1493":0,"1494":0,"1495":0,"1496":0,"1497":0,"1502":1,"1503":3,"1504":3,"1505":0,"1510":1,"1511":0,"1512":0,"1516":1,"1517":0,"1522":1}}}